mode: set
github.com/celogeek/go-comic-converter/v3/internal/pkg/converter/converter.go:38.23,50.21 6 1
github.com/celogeek/go-comic-converter/v3/internal/pkg/converter/converter.go:50.21,52.32 2 0
github.com/celogeek/go-comic-converter/v3/internal/pkg/converter/converter.go:52.32,53.25 1 0
github.com/celogeek/go-comic-converter/v3/internal/pkg/converter/converter.go:54.22,55.39 1 0
github.com/celogeek/go-comic-converter/v3/internal/pkg/converter/converter.go:56.19,57.65 1 0
github.com/celogeek/go-comic-converter/v3/internal/pkg/converter/converter.go:60.3,60.26 1 0
github.com/celogeek/go-comic-converter/v3/internal/pkg/converter/converter.go:60.26,62.4 1 0
github.com/celogeek/go-comic-converter/v3/internal/pkg/converter/converter.go:65.2,65.13 1 1
github.com/celogeek/go-comic-converter/v3/internal/pkg/converter/converter.go:69.40,71.2 1 0
github.com/celogeek/go-comic-converter/v3/internal/pkg/converter/converter.go:74.48,76.2 1 0
github.com/celogeek/go-comic-converter/v3/internal/pkg/converter/converter.go:79.88,82.2 2 0
github.com/celogeek/go-comic-converter/v3/internal/pkg/converter/converter.go:85.79,88.2 2 0
github.com/celogeek/go-comic-converter/v3/internal/pkg/converter/converter.go:91.89,94.2 2 0
github.com/celogeek/go-comic-converter/v3/internal/pkg/converter/converter.go:97.82,100.2 2 0
github.com/celogeek/go-comic-converter/v3/internal/pkg/converter/converter.go:103.33,168.2 59 0
github.com/celogeek/go-comic-converter/v3/internal/pkg/converter/converter.go:171.63,175.19 4 0
github.com/celogeek/go-comic-converter/v3/internal/pkg/converter/converter.go:175.19,178.3 2 0
github.com/celogeek/go-comic-converter/v3/internal/pkg/converter/converter.go:181.2,181.61 1 0
github.com/celogeek/go-comic-converter/v3/internal/pkg/converter/converter.go:181.61,183.3 1 0
github.com/celogeek/go-comic-converter/v3/internal/pkg/converter/converter.go:183.8,183.20 1 0
github.com/celogeek/go-comic-converter/v3/internal/pkg/converter/converter.go:183.20,184.15 1 0
github.com/celogeek/go-comic-converter/v3/internal/pkg/converter/converter.go:184.15,186.4 1 0
github.com/celogeek/go-comic-converter/v3/internal/pkg/converter/converter.go:186.9,188.4 1 0
github.com/celogeek/go-comic-converter/v3/internal/pkg/converter/converter.go:193.2,193.18 1 0
github.com/celogeek/go-comic-converter/v3/internal/pkg/converter/converter.go:193.18,195.3 1 0
github.com/celogeek/go-comic-converter/v3/internal/pkg/converter/converter.go:195.8,199.3 1 0
github.com/celogeek/go-comic-converter/v3/internal/pkg/converter/converter.go:200.2,202.19 2 0
github.com/celogeek/go-comic-converter/v3/internal/pkg/converter/converter.go:209.82,215.35 3 0
github.com/celogeek/go-comic-converter/v3/internal/pkg/converter/converter.go:215.35,217.3 1 0
github.com/celogeek/go-comic-converter/v3/internal/pkg/converter/converter.go:217.8,219.3 1 0
github.com/celogeek/go-comic-converter/v3/internal/pkg/converter/converter.go:223.2,223.15 1 0
github.com/celogeek/go-comic-converter/v3/internal/pkg/converter/converter.go:223.15,224.31 1 0
github.com/celogeek/go-comic-converter/v3/internal/pkg/converter/converter.go:224.31,225.37 1 0
github.com/celogeek/go-comic-converter/v3/internal/pkg/converter/converter.go:225.37,227.5 1 0
github.com/celogeek/go-comic-converter/v3/internal/pkg/converter/converter.go:228.4,228.94 1 0
github.com/celogeek/go-comic-converter/v3/internal/pkg/converter/converter.go:231.2,231.58 1 0
github.com/celogeek/go-comic-converter/v3/internal/pkg/converter/converter.go:235.29,236.49 1 0
github.com/celogeek/go-comic-converter/v3/internal/pkg/converter/converter.go:236.49,238.3 1 0
github.com/celogeek/go-comic-converter/v3/internal/pkg/converter/converter.go:239.2,239.20 1 0
github.com/celogeek/go-comic-converter/v3/internal/pkg/converter/converter.go:239.20,242.3 2 0
github.com/celogeek/go-comic-converter/v3/internal/pkg/converter/converter.go:244.2,244.20 1 0
github.com/celogeek/go-comic-converter/v3/internal/pkg/converter/converter.go:244.20,248.3 3 0
github.com/celogeek/go-comic-converter/v3/internal/pkg/converter/converter.go:250.2,250.26 1 0
github.com/celogeek/go-comic-converter/v3/internal/pkg/converter/converter.go:250.26,254.3 3 0
github.com/celogeek/go-comic-converter/v3/internal/pkg/converter/converter.go:254.8,254.34 1 0
github.com/celogeek/go-comic-converter/v3/internal/pkg/converter/converter.go:254.34,259.3 4 0
github.com/celogeek/go-comic-converter/v3/internal/pkg/converter/converter.go:259.8,259.35 1 0
github.com/celogeek/go-comic-converter/v3/internal/pkg/converter/converter.go:259.35,264.3 4 0
github.com/celogeek/go-comic-converter/v3/internal/pkg/converter/converter.go:264.8,264.34 1 0
github.com/celogeek/go-comic-converter/v3/internal/pkg/converter/converter.go:264.34,269.3 4 0
github.com/celogeek/go-comic-converter/v3/internal/pkg/converter/converter.go:271.2,271.24 1 0
github.com/celogeek/go-comic-converter/v3/internal/pkg/converter/converter.go:271.24,279.3 7 0
github.com/celogeek/go-comic-converter/v3/internal/pkg/converter/converter.go:281.2,281.44 1 0
github.com/celogeek/go-comic-converter/v3/internal/pkg/converter/converter.go:281.44,285.3 3 0
github.com/celogeek/go-comic-converter/v3/internal/pkg/converter/converter.go:287.2,287.39 1 0
github.com/celogeek/go-comic-converter/v3/internal/pkg/converter/converter.go:287.39,289.3 1 0
github.com/celogeek/go-comic-converter/v3/internal/pkg/converter/converter.go:293.38,295.27 1 1
github.com/celogeek/go-comic-converter/v3/internal/pkg/converter/converter.go:295.27,297.3 1 0
github.com/celogeek/go-comic-converter/v3/internal/pkg/converter/converter.go:299.2,300.16 2 1
github.com/celogeek/go-comic-converter/v3/internal/pkg/converter/converter.go:300.16,302.3 1 0
github.com/celogeek/go-comic-converter/v3/internal/pkg/converter/converter.go:305.2,307.16 3 1
github.com/celogeek/go-comic-converter/v3/internal/pkg/converter/converter.go:307.16,309.3 1 1
github.com/celogeek/go-comic-converter/v3/internal/pkg/converter/converter.go:309.8,312.3 2 1
github.com/celogeek/go-comic-converter/v3/internal/pkg/converter/converter.go:314.2,314.28 1 1
github.com/celogeek/go-comic-converter/v3/internal/pkg/converter/converter.go:314.28,316.3 1 1
github.com/celogeek/go-comic-converter/v3/internal/pkg/converter/converter.go:318.2,319.47 2 1
github.com/celogeek/go-comic-converter/v3/internal/pkg/converter/converter.go:319.47,321.17 2 1
github.com/celogeek/go-comic-converter/v3/internal/pkg/converter/converter.go:321.17,323.4 1 0
github.com/celogeek/go-comic-converter/v3/internal/pkg/converter/converter.go:324.3,324.18 1 1
github.com/celogeek/go-comic-converter/v3/internal/pkg/converter/converter.go:324.18,326.4 1 0
github.com/celogeek/go-comic-converter/v3/internal/pkg/converter/converter.go:327.8,329.17 2 0
github.com/celogeek/go-comic-converter/v3/internal/pkg/converter/converter.go:329.17,331.4 1 0
github.com/celogeek/go-comic-converter/v3/internal/pkg/converter/converter.go:332.3,332.18 1 0
github.com/celogeek/go-comic-converter/v3/internal/pkg/converter/converter.go:332.18,334.4 1 0
github.com/celogeek/go-comic-converter/v3/internal/pkg/converter/converter.go:335.3,338.4 1 0
github.com/celogeek/go-comic-converter/v3/internal/pkg/converter/converter.go:342.2,342.27 1 1
github.com/celogeek/go-comic-converter/v3/internal/pkg/converter/converter.go:342.27,345.3 2 1
github.com/celogeek/go-comic-converter/v3/internal/pkg/converter/converter.go:348.2,348.29 1 1
github.com/celogeek/go-comic-converter/v3/internal/pkg/converter/converter.go:348.29,350.3 1 0
github.com/celogeek/go-comic-converter/v3/internal/pkg/converter/converter.go:352.2,352.43 1 1
github.com/celogeek/go-comic-converter/v3/internal/pkg/converter/converter.go:352.43,354.3 1 0
github.com/celogeek/go-comic-converter/v3/internal/pkg/converter/converter.go:357.2,357.54 1 1
github.com/celogeek/go-comic-converter/v3/internal/pkg/converter/converter.go:357.54,359.3 1 0
github.com/celogeek/go-comic-converter/v3/internal/pkg/converter/converter.go:362.2,362.75 1 1
github.com/celogeek/go-comic-converter/v3/internal/pkg/converter/converter.go:362.75,364.3 1 0
github.com/celogeek/go-comic-converter/v3/internal/pkg/converter/converter.go:367.2,367.71 1 1
github.com/celogeek/go-comic-converter/v3/internal/pkg/converter/converter.go:367.71,369.3 1 0
github.com/celogeek/go-comic-converter/v3/internal/pkg/converter/converter.go:372.2,372.62 1 1
github.com/celogeek/go-comic-converter/v3/internal/pkg/converter/converter.go:372.62,374.3 1 0
github.com/celogeek/go-comic-converter/v3/internal/pkg/converter/converter.go:377.2,378.68 2 1
github.com/celogeek/go-comic-converter/v3/internal/pkg/converter/converter.go:378.68,380.3 1 0
github.com/celogeek/go-comic-converter/v3/internal/pkg/converter/converter.go:382.2,382.68 1 1
github.com/celogeek/go-comic-converter/v3/internal/pkg/converter/converter.go:382.68,384.3 1 0
github.com/celogeek/go-comic-converter/v3/internal/pkg/converter/converter.go:387.2,387.79 1 1
github.com/celogeek/go-comic-converter/v3/internal/pkg/converter/converter.go:387.79,389.3 1 0
github.com/celogeek/go-comic-converter/v3/internal/pkg/converter/converter.go:392.2,392.116 1 1
github.com/celogeek/go-comic-converter/v3/internal/pkg/converter/converter.go:392.116,394.3 1 1
github.com/celogeek/go-comic-converter/v3/internal/pkg/converter/converter.go:397.2,397.84 1 1
github.com/celogeek/go-comic-converter/v3/internal/pkg/converter/converter.go:397.84,399.3 1 0
github.com/celogeek/go-comic-converter/v3/internal/pkg/converter/converter.go:402.2,402.56 1 1
github.com/celogeek/go-comic-converter/v3/internal/pkg/converter/converter.go:402.56,404.3 1 0
github.com/celogeek/go-comic-converter/v3/internal/pkg/converter/converter.go:407.2,407.76 1 1
github.com/celogeek/go-comic-converter/v3/internal/pkg/converter/converter.go:407.76,409.3 1 0
github.com/celogeek/go-comic-converter/v3/internal/pkg/converter/converter.go:412.2,412.72 1 1
github.com/celogeek/go-comic-converter/v3/internal/pkg/converter/converter.go:412.72,414.3 1 0
github.com/celogeek/go-comic-converter/v3/internal/pkg/converter/converter.go:416.2,416.12 1 1
github.com/celogeek/go-comic-converter/v3/internal/pkg/converter/converter.go:420.38,423.2 2 0
github.com/celogeek/go-comic-converter/v3/internal/pkg/converter/converter.go:425.29,431.20 4 0
github.com/celogeek/go-comic-converter/v3/internal/pkg/converter/converter.go:431.20,439.3 1 0
github.com/celogeek/go-comic-converter/v3/internal/pkg/converter/converter.go:439.8,445.3 1 0
github.com/celogeek/go-comic-converter/v3/internal/pkg/converter/options.go:46.28,78.2 1 1
github.com/celogeek/go-comic-converter/v3/internal/pkg/converter/options.go:80.35,82.2 1 1
github.com/celogeek/go-comic-converter/v3/internal/pkg/converter/options.go:84.35,96.4 3 0
github.com/celogeek/go-comic-converter/v3/internal/pkg/converter/options.go:96.4,98.3 1 0
github.com/celogeek/go-comic-converter/v3/internal/pkg/converter/options.go:99.2,101.19 3 0
github.com/celogeek/go-comic-converter/v3/internal/pkg/converter/options.go:105.37,107.16 2 1
github.com/celogeek/go-comic-converter/v3/internal/pkg/converter/options.go:107.16,109.3 1 0
github.com/celogeek/go-comic-converter/v3/internal/pkg/converter/options.go:110.2,110.56 1 1
github.com/celogeek/go-comic-converter/v3/internal/pkg/converter/options.go:114.38,116.16 2 0
github.com/celogeek/go-comic-converter/v3/internal/pkg/converter/options.go:116.16,118.3 1 0
github.com/celogeek/go-comic-converter/v3/internal/pkg/converter/options.go:119.2,119.25 1 0
github.com/celogeek/go-comic-converter/v3/internal/pkg/converter/options.go:119.25,121.3 1 0
github.com/celogeek/go-comic-converter/v3/internal/pkg/converter/options.go:122.2,123.43 2 0
github.com/celogeek/go-comic-converter/v3/internal/pkg/converter/options.go:123.43,125.3 1 0
github.com/celogeek/go-comic-converter/v3/internal/pkg/converter/options.go:127.2,127.12 1 0
github.com/celogeek/go-comic-converter/v3/internal/pkg/converter/options.go:131.39,134.20 3 0
github.com/celogeek/go-comic-converter/v3/internal/pkg/converter/options.go:134.20,136.3 1 0
github.com/celogeek/go-comic-converter/v3/internal/pkg/converter/options.go:138.2,139.24 2 0
github.com/celogeek/go-comic-converter/v3/internal/pkg/converter/options.go:140.9,141.42 1 0
github.com/celogeek/go-comic-converter/v3/internal/pkg/converter/options.go:142.9,143.49 1 0
github.com/celogeek/go-comic-converter/v3/internal/pkg/converter/options.go:144.9,145.56 1 0
github.com/celogeek/go-comic-converter/v3/internal/pkg/converter/options.go:148.2,149.34 2 0
github.com/celogeek/go-comic-converter/v3/internal/pkg/converter/options.go:149.34,151.3 1 0
github.com/celogeek/go-comic-converter/v3/internal/pkg/converter/options.go:151.8,151.41 1 0
github.com/celogeek/go-comic-converter/v3/internal/pkg/converter/options.go:151.41,152.21 1 0
github.com/celogeek/go-comic-converter/v3/internal/pkg/converter/options.go:152.21,154.4 1 0
github.com/celogeek/go-comic-converter/v3/internal/pkg/converter/options.go:154.9,156.4 1 0
github.com/celogeek/go-comic-converter/v3/internal/pkg/converter/options.go:159.2,160.21 2 0
github.com/celogeek/go-comic-converter/v3/internal/pkg/converter/options.go:161.9,162.22 1 0
github.com/celogeek/go-comic-converter/v3/internal/pkg/converter/options.go:163.9,164.23 1 0
github.com/celogeek/go-comic-converter/v3/internal/pkg/converter/options.go:165.9,166.35 1 0
github.com/celogeek/go-comic-converter/v3/internal/pkg/converter/options.go:169.2,170.31 2 0
github.com/celogeek/go-comic-converter/v3/internal/pkg/converter/options.go:171.9,172.28 1 0
github.com/celogeek/go-comic-converter/v3/internal/pkg/converter/options.go:173.9,174.30 1 0
github.com/celogeek/go-comic-converter/v3/internal/pkg/converter/options.go:177.2,217.4 2 0
github.com/celogeek/go-comic-converter/v3/internal/pkg/converter/options.go:217.4,218.18 1 0
github.com/celogeek/go-comic-converter/v3/internal/pkg/converter/options.go:218.18,220.4 1 0
github.com/celogeek/go-comic-converter/v3/internal/pkg/converter/options.go:222.2,222.19 1 0
github.com/celogeek/go-comic-converter/v3/internal/pkg/converter/options.go:226.39,227.50 1 0
github.com/celogeek/go-comic-converter/v3/internal/pkg/converter/options.go:227.50,229.3 1 0
github.com/celogeek/go-comic-converter/v3/internal/pkg/converter/options.go:230.2,230.23 1 0
github.com/celogeek/go-comic-converter/v3/internal/pkg/converter/options.go:234.38,236.16 2 0
github.com/celogeek/go-comic-converter/v3/internal/pkg/converter/options.go:236.16,238.3 1 0
github.com/celogeek/go-comic-converter/v3/internal/pkg/converter/options.go:239.2,239.25 1 0
github.com/celogeek/go-comic-converter/v3/internal/pkg/converter/options.go:239.25,241.3 1 0
github.com/celogeek/go-comic-converter/v3/internal/pkg/converter/options.go:242.2,242.37 1 0
github.com/celogeek/go-comic-converter/v3/internal/pkg/converter/options.go:246.41,247.40 1 1
github.com/celogeek/go-comic-converter/v3/internal/pkg/converter/options.go:247.40,249.3 1 1
github.com/celogeek/go-comic-converter/v3/internal/pkg/converter/options.go:250.2,250.12 1 1
github.com/celogeek/go-comic-converter/v3/internal/pkg/converter/options.go:254.46,256.2 1 1
github.com/celogeek/go-comic-converter/v3/internal/pkg/converter/order.go:13.38,15.2 1 0
github.com/celogeek/go-comic-converter/v3/internal/pkg/converter/order.go:25.35,27.2 1 0
github.com/celogeek/go-comic-converter/v3/internal/pkg/converter/profiles.go:18.34,20.2 1 0
github.com/celogeek/go-comic-converter/v3/internal/pkg/converter/profiles.go:25.29,60.4 2 1
github.com/celogeek/go-comic-converter/v3/internal/pkg/converter/profiles.go:60.4,62.3 1 1
github.com/celogeek/go-comic-converter/v3/internal/pkg/converter/profiles.go:63.2,63.12 1 1
github.com/celogeek/go-comic-converter/v3/internal/pkg/converter/profiles.go:66.35,68.22 2 1
github.com/celogeek/go-comic-converter/v3/internal/pkg/converter/profiles.go:68.22,75.3 1 1
github.com/celogeek/go-comic-converter/v3/internal/pkg/converter/profiles.go:76.2,76.30 1 1
github.com/celogeek/go-comic-converter/v3/internal/pkg/epubimagepassthrough/passthrough.go:33.99,35.16 2 1
github.com/celogeek/go-comic-converter/v3/internal/pkg/epubimagepassthrough/passthrough.go:35.16,37.3 1 0
github.com/celogeek/go-comic-converter/v3/internal/pkg/epubimagepassthrough/passthrough.go:39.2,39.16 1 1
github.com/celogeek/go-comic-converter/v3/internal/pkg/epubimagepassthrough/passthrough.go:39.16,41.3 1 1
github.com/celogeek/go-comic-converter/v3/internal/pkg/epubimagepassthrough/passthrough.go:41.8,42.61 1 0
github.com/celogeek/go-comic-converter/v3/internal/pkg/epubimagepassthrough/passthrough.go:43.23,44.25 1 0
github.com/celogeek/go-comic-converter/v3/internal/pkg/epubimagepassthrough/passthrough.go:45.23,46.25 1 0
github.com/celogeek/go-comic-converter/v3/internal/pkg/epubimagepassthrough/passthrough.go:47.11,48.91 1 0
github.com/celogeek/go-comic-converter/v3/internal/pkg/epubimagepassthrough/passthrough.go:53.113,55.2 1 0
github.com/celogeek/go-comic-converter/v3/internal/pkg/epubimagepassthrough/passthrough.go:58.75,60.2 1 1
github.com/celogeek/go-comic-converter/v3/internal/pkg/epubimagepassthrough/passthrough.go:62.102,66.82 3 1
github.com/celogeek/go-comic-converter/v3/internal/pkg/epubimagepassthrough/passthrough.go:66.82,67.17 1 1
github.com/celogeek/go-comic-converter/v3/internal/pkg/epubimagepassthrough/passthrough.go:67.17,69.4 1 0
github.com/celogeek/go-comic-converter/v3/internal/pkg/epubimagepassthrough/passthrough.go:71.3,71.35 1 1
github.com/celogeek/go-comic-converter/v3/internal/pkg/epubimagepassthrough/passthrough.go:71.35,73.4 1 1
github.com/celogeek/go-comic-converter/v3/internal/pkg/epubimagepassthrough/passthrough.go:74.3,74.66 1 1
github.com/celogeek/go-comic-converter/v3/internal/pkg/epubimagepassthrough/passthrough.go:74.66,76.4 1 1
github.com/celogeek/go-comic-converter/v3/internal/pkg/epubimagepassthrough/passthrough.go:77.3,77.13 1 1
github.com/celogeek/go-comic-converter/v3/internal/pkg/epubimagepassthrough/passthrough.go:80.2,80.16 1 1
github.com/celogeek/go-comic-converter/v3/internal/pkg/epubimagepassthrough/passthrough.go:80.16,82.3 1 0
github.com/celogeek/go-comic-converter/v3/internal/pkg/epubimagepassthrough/passthrough.go:84.2,84.26 1 1
github.com/celogeek/go-comic-converter/v3/internal/pkg/epubimagepassthrough/passthrough.go:84.26,87.3 2 0
github.com/celogeek/go-comic-converter/v3/internal/pkg/epubimagepassthrough/passthrough.go:89.2,93.16 4 1
github.com/celogeek/go-comic-converter/v3/internal/pkg/epubimagepassthrough/passthrough.go:93.16,95.3 1 0
github.com/celogeek/go-comic-converter/v3/internal/pkg/epubimagepassthrough/passthrough.go:96.2,109.37 4 1
github.com/celogeek/go-comic-converter/v3/internal/pkg/epubimagepassthrough/passthrough.go:109.37,114.27 2 1
github.com/celogeek/go-comic-converter/v3/internal/pkg/epubimagepassthrough/passthrough.go:114.27,116.19 2 1
github.com/celogeek/go-comic-converter/v3/internal/pkg/epubimagepassthrough/passthrough.go:116.19,118.6 1 0
github.com/celogeek/go-comic-converter/v3/internal/pkg/epubimagepassthrough/passthrough.go:119.5,120.25 2 1
github.com/celogeek/go-comic-converter/v3/internal/pkg/epubimagepassthrough/passthrough.go:126.3,126.17 1 1
github.com/celogeek/go-comic-converter/v3/internal/pkg/epubimagepassthrough/passthrough.go:126.17,128.4 1 0
github.com/celogeek/go-comic-converter/v3/internal/pkg/epubimagepassthrough/passthrough.go:130.3,131.17 2 1
github.com/celogeek/go-comic-converter/v3/internal/pkg/epubimagepassthrough/passthrough.go:134.2,134.22 1 1
github.com/celogeek/go-comic-converter/v3/internal/pkg/epubimagepassthrough/passthrough.go:134.22,136.3 1 0
github.com/celogeek/go-comic-converter/v3/internal/pkg/epubimagepassthrough/passthrough.go:138.2,138.8 1 1
github.com/celogeek/go-comic-converter/v3/internal/pkg/epubimagepassthrough/passthrough.go:142.102,147.16 4 0
github.com/celogeek/go-comic-converter/v3/internal/pkg/epubimagepassthrough/passthrough.go:147.16,149.3 1 0
github.com/celogeek/go-comic-converter/v3/internal/pkg/epubimagepassthrough/passthrough.go:150.2,153.27 3 0
github.com/celogeek/go-comic-converter/v3/internal/pkg/epubimagepassthrough/passthrough.go:153.27,154.58 1 0
github.com/celogeek/go-comic-converter/v3/internal/pkg/epubimagepassthrough/passthrough.go:154.58,156.4 1 0
github.com/celogeek/go-comic-converter/v3/internal/pkg/epubimagepassthrough/passthrough.go:159.2,159.25 1 0
github.com/celogeek/go-comic-converter/v3/internal/pkg/epubimagepassthrough/passthrough.go:159.25,162.3 2 0
github.com/celogeek/go-comic-converter/v3/internal/pkg/epubimagepassthrough/passthrough.go:164.2,165.32 2 0
github.com/celogeek/go-comic-converter/v3/internal/pkg/epubimagepassthrough/passthrough.go:165.32,167.3 1 0
github.com/celogeek/go-comic-converter/v3/internal/pkg/epubimagepassthrough/passthrough.go:169.2,172.29 3 0
github.com/celogeek/go-comic-converter/v3/internal/pkg/epubimagepassthrough/passthrough.go:172.29,174.3 1 0
github.com/celogeek/go-comic-converter/v3/internal/pkg/epubimagepassthrough/passthrough.go:176.2,178.16 3 0
github.com/celogeek/go-comic-converter/v3/internal/pkg/epubimagepassthrough/passthrough.go:178.16,180.3 1 0
github.com/celogeek/go-comic-converter/v3/internal/pkg/epubimagepassthrough/passthrough.go:181.2,194.35 4 0
github.com/celogeek/go-comic-converter/v3/internal/pkg/epubimagepassthrough/passthrough.go:194.35,195.46 1 0
github.com/celogeek/go-comic-converter/v3/internal/pkg/epubimagepassthrough/passthrough.go:195.46,196.12 1 0
github.com/celogeek/go-comic-converter/v3/internal/pkg/epubimagepassthrough/passthrough.go:199.3,202.27 2 0
github.com/celogeek/go-comic-converter/v3/internal/pkg/epubimagepassthrough/passthrough.go:202.27,204.19 2 0
github.com/celogeek/go-comic-converter/v3/internal/pkg/epubimagepassthrough/passthrough.go:204.19,206.6 1 0
github.com/celogeek/go-comic-converter/v3/internal/pkg/epubimagepassthrough/passthrough.go:207.5,209.25 2 0
github.com/celogeek/go-comic-converter/v3/internal/pkg/epubimagepassthrough/passthrough.go:216.3,216.17 1 0
github.com/celogeek/go-comic-converter/v3/internal/pkg/epubimagepassthrough/passthrough.go:216.17,218.4 1 0
github.com/celogeek/go-comic-converter/v3/internal/pkg/epubimagepassthrough/passthrough.go:220.3,221.17 2 0
github.com/celogeek/go-comic-converter/v3/internal/pkg/epubimagepassthrough/passthrough.go:224.2,224.22 1 0
github.com/celogeek/go-comic-converter/v3/internal/pkg/epubimagepassthrough/passthrough.go:224.22,226.3 1 0
github.com/celogeek/go-comic-converter/v3/internal/pkg/epubimagepassthrough/passthrough.go:228.2,228.8 1 0
github.com/celogeek/go-comic-converter/v3/internal/pkg/epubimagepassthrough/passthrough.go:231.102,236.16 4 0
github.com/celogeek/go-comic-converter/v3/internal/pkg/epubimagepassthrough/passthrough.go:236.16,238.3 1 0
github.com/celogeek/go-comic-converter/v3/internal/pkg/epubimagepassthrough/passthrough.go:240.2,241.26 2 0
github.com/celogeek/go-comic-converter/v3/internal/pkg/epubimagepassthrough/passthrough.go:241.26,242.45 1 0
github.com/celogeek/go-comic-converter/v3/internal/pkg/epubimagepassthrough/passthrough.go:242.45,243.15 1 0
github.com/celogeek/go-comic-converter/v3/internal/pkg/epubimagepassthrough/passthrough.go:243.15,245.5 1 0
github.com/celogeek/go-comic-converter/v3/internal/pkg/epubimagepassthrough/passthrough.go:246.4,246.33 1 0
github.com/celogeek/go-comic-converter/v3/internal/pkg/epubimagepassthrough/passthrough.go:250.2,250.21 1 0
github.com/celogeek/go-comic-converter/v3/internal/pkg/epubimagepassthrough/passthrough.go:250.21,253.3 2 0
github.com/celogeek/go-comic-converter/v3/internal/pkg/epubimagepassthrough/passthrough.go:255.2,258.29 3 0
github.com/celogeek/go-comic-converter/v3/internal/pkg/epubimagepassthrough/passthrough.go:258.29,260.3 1 0
github.com/celogeek/go-comic-converter/v3/internal/pkg/epubimagepassthrough/passthrough.go:262.2,264.16 3 0
github.com/celogeek/go-comic-converter/v3/internal/pkg/epubimagepassthrough/passthrough.go:264.16,266.3 1 0
github.com/celogeek/go-comic-converter/v3/internal/pkg/epubimagepassthrough/passthrough.go:267.2,280.13 4 0
github.com/celogeek/go-comic-converter/v3/internal/pkg/epubimagepassthrough/passthrough.go:280.13,283.17 3 0
github.com/celogeek/go-comic-converter/v3/internal/pkg/epubimagepassthrough/passthrough.go:283.17,285.4 1 0
github.com/celogeek/go-comic-converter/v3/internal/pkg/epubimagepassthrough/passthrough.go:286.3,288.7 2 0
github.com/celogeek/go-comic-converter/v3/internal/pkg/epubimagepassthrough/passthrough.go:288.7,290.19 2 0
github.com/celogeek/go-comic-converter/v3/internal/pkg/epubimagepassthrough/passthrough.go:290.19,291.23 1 0
github.com/celogeek/go-comic-converter/v3/internal/pkg/epubimagepassthrough/passthrough.go:291.23,292.11 1 0
github.com/celogeek/go-comic-converter/v3/internal/pkg/epubimagepassthrough/passthrough.go:294.5,295.11 2 0
github.com/celogeek/go-comic-converter/v3/internal/pkg/epubimagepassthrough/passthrough.go:298.4,298.42 1 0
github.com/celogeek/go-comic-converter/v3/internal/pkg/epubimagepassthrough/passthrough.go:298.42,299.13 1 0
github.com/celogeek/go-comic-converter/v3/internal/pkg/epubimagepassthrough/passthrough.go:302.4,305.28 2 0
github.com/celogeek/go-comic-converter/v3/internal/pkg/epubimagepassthrough/passthrough.go:305.28,307.6 1 0
github.com/celogeek/go-comic-converter/v3/internal/pkg/epubimagepassthrough/passthrough.go:313.4,313.18 1 0
github.com/celogeek/go-comic-converter/v3/internal/pkg/epubimagepassthrough/passthrough.go:313.18,315.5 1 0
github.com/celogeek/go-comic-converter/v3/internal/pkg/epubimagepassthrough/passthrough.go:317.4,318.18 2 0
github.com/celogeek/go-comic-converter/v3/internal/pkg/epubimagepassthrough/passthrough.go:320.8,321.30 1 0
github.com/celogeek/go-comic-converter/v3/internal/pkg/epubimagepassthrough/passthrough.go:321.30,322.44 1 0
github.com/celogeek/go-comic-converter/v3/internal/pkg/epubimagepassthrough/passthrough.go:322.44,326.29 2 0
github.com/celogeek/go-comic-converter/v3/internal/pkg/epubimagepassthrough/passthrough.go:326.29,328.21 2 0
github.com/celogeek/go-comic-converter/v3/internal/pkg/epubimagepassthrough/passthrough.go:328.21,330.8 1 0
github.com/celogeek/go-comic-converter/v3/internal/pkg/epubimagepassthrough/passthrough.go:331.7,332.27 2 0
github.com/celogeek/go-comic-converter/v3/internal/pkg/epubimagepassthrough/passthrough.go:339.5,339.19 1 0
github.com/celogeek/go-comic-converter/v3/internal/pkg/epubimagepassthrough/passthrough.go:339.19,341.6 1 0
github.com/celogeek/go-comic-converter/v3/internal/pkg/epubimagepassthrough/passthrough.go:343.5,344.19 2 0
github.com/celogeek/go-comic-converter/v3/internal/pkg/epubimagepassthrough/passthrough.go:349.2,349.22 1 0
github.com/celogeek/go-comic-converter/v3/internal/pkg/epubimagepassthrough/passthrough.go:349.22,351.3 1 0
github.com/celogeek/go-comic-converter/v3/internal/pkg/epubimagepassthrough/passthrough.go:353.2,353.8 1 0
github.com/celogeek/go-comic-converter/v3/internal/pkg/epubimagepassthrough/passthrough.go:356.66,357.45 1 0
github.com/celogeek/go-comic-converter/v3/internal/pkg/epubimagepassthrough/passthrough.go:358.31,359.3 1 0
github.com/celogeek/go-comic-converter/v3/internal/pkg/epubimagepassthrough/passthrough.go:359.3,361.4 1 0
github.com/celogeek/go-comic-converter/v3/internal/pkg/epubimagepassthrough/passthrough.go:363.2,363.14 1 0
github.com/celogeek/go-comic-converter/v3/internal/pkg/epubimagepassthrough/passthrough.go:372.40,375.16 3 1
github.com/celogeek/go-comic-converter/v3/internal/pkg/epubimagepassthrough/passthrough.go:375.16,377.3 1 0
github.com/celogeek/go-comic-converter/v3/internal/pkg/epubimagepassthrough/passthrough.go:379.2,380.18 2 1
github.com/celogeek/go-comic-converter/v3/internal/pkg/epubimagepassthrough/passthrough.go:380.18,382.3 1 0
github.com/celogeek/go-comic-converter/v3/internal/pkg/epubimagepassthrough/passthrough.go:382.8,384.3 1 1
github.com/celogeek/go-comic-converter/v3/internal/pkg/epubimagepassthrough/passthrough.go:386.2,392.26 2 1
github.com/celogeek/go-comic-converter/v3/internal/pkg/epubimagepassthrough/passthrough.go:393.14,396.22 3 0
github.com/celogeek/go-comic-converter/v3/internal/pkg/epubimagepassthrough/passthrough.go:397.23,400.23 3 1
github.com/celogeek/go-comic-converter/v3/internal/pkg/epubimagepassthrough/passthrough.go:403.2,405.16 3 1
github.com/celogeek/go-comic-converter/v3/internal/pkg/epubimagepassthrough/passthrough.go:405.16,407.3 1 0
github.com/celogeek/go-comic-converter/v3/internal/pkg/epubimagepassthrough/passthrough.go:409.2,410.13 2 1
github.com/celogeek/go-comic-converter/v3/internal/pkg/epubimagepassthrough/passthrough.go:410.13,412.17 2 1
github.com/celogeek/go-comic-converter/v3/internal/pkg/epubimagepassthrough/passthrough.go:412.17,414.4 1 0
github.com/celogeek/go-comic-converter/v3/internal/pkg/epubimagepassthrough/passthrough.go:417.2,433.8 3 1
github.com/celogeek/go-comic-converter/v3/internal/pkg/sortpath/by.go:44.33,44.60 1 1
github.com/celogeek/go-comic-converter/v3/internal/pkg/sortpath/by.go:45.33,45.84 1 1
github.com/celogeek/go-comic-converter/v3/internal/pkg/sortpath/by.go:46.28,49.2 2 1
github.com/celogeek/go-comic-converter/v3/internal/pkg/sortpath/by.go:52.54,54.37 2 1
github.com/celogeek/go-comic-converter/v3/internal/pkg/sortpath/by.go:54.37,56.3 1 1
github.com/celogeek/go-comic-converter/v3/internal/pkg/sortpath/by.go:57.2,57.25 1 1
github.com/celogeek/go-comic-converter/v3/internal/pkg/sortpath/parser.go:23.39,24.36 1 1
github.com/celogeek/go-comic-converter/v3/internal/pkg/sortpath/parser.go:24.36,26.3 1 1
github.com/celogeek/go-comic-converter/v3/internal/pkg/sortpath/parser.go:27.2,27.22 1 1
github.com/celogeek/go-comic-converter/v3/internal/pkg/sortpath/parser.go:27.22,29.3 1 1
github.com/celogeek/go-comic-converter/v3/internal/pkg/sortpath/parser.go:29.8,31.3 1 0
github.com/celogeek/go-comic-converter/v3/internal/pkg/sortpath/parser.go:34.31,37.31 1 1
github.com/celogeek/go-comic-converter/v3/internal/pkg/sortpath/parser.go:37.31,39.17 2 1
github.com/celogeek/go-comic-converter/v3/internal/pkg/sortpath/parser.go:39.17,41.4 1 1
github.com/celogeek/go-comic-converter/v3/internal/pkg/sortpath/parser.go:43.2,44.17 2 1
github.com/celogeek/go-comic-converter/v3/internal/pkg/sortpath/parser.go:44.17,46.3 1 1
github.com/celogeek/go-comic-converter/v3/internal/pkg/sortpath/parser.go:47.2,48.16 2 1
github.com/celogeek/go-comic-converter/v3/internal/pkg/sortpath/parser.go:48.16,50.3 1 0
github.com/celogeek/go-comic-converter/v3/internal/pkg/sortpath/parser.go:51.2,51.25 1 1
github.com/celogeek/go-comic-converter/v3/internal/pkg/sortpath/parser.go:57.46,64.72 6 1
github.com/celogeek/go-comic-converter/v3/internal/pkg/sortpath/parser.go:64.72,65.15 1 1
github.com/celogeek/go-comic-converter/v3/internal/pkg/sortpath/parser.go:65.15,67.4 1 1
github.com/celogeek/go-comic-converter/v3/internal/pkg/sortpath/parser.go:67.9,69.4 1 0
github.com/celogeek/go-comic-converter/v3/internal/pkg/sortpath/parser.go:71.2,71.15 1 1
github.com/celogeek/go-comic-converter/v3/internal/pkg/sortpath/parser.go:71.15,73.3 1 1
github.com/celogeek/go-comic-converter/v3/internal/pkg/sortpath/parser.go:73.8,75.3 1 0
github.com/celogeek/go-comic-converter/v3/internal/pkg/sortpath/parser.go:76.2,76.10 1 1
github.com/celogeek/go-comic-converter/v3/internal/pkg/sortpath/parser.go:80.40,82.16 2 1
github.com/celogeek/go-comic-converter/v3/internal/pkg/sortpath/parser.go:82.16,84.3 1 0
github.com/celogeek/go-comic-converter/v3/internal/pkg/sortpath/parser.go:85.2,85.19 1 1
github.com/celogeek/go-comic-converter/v3/internal/pkg/sortpath/parser.go:85.19,87.13 2 1
github.com/celogeek/go-comic-converter/v3/internal/pkg/sortpath/parser.go:87.13,89.4 1 1
github.com/celogeek/go-comic-converter/v3/internal/pkg/sortpath/parser.go:91.2,91.33 1 0
github.com/celogeek/go-comic-converter/v3/internal/pkg/utils/utils.go:9.46,11.2 1 0
github.com/celogeek/go-comic-converter/v3/internal/pkg/utils/utils.go:13.49,16.2 2 0
github.com/celogeek/go-comic-converter/v3/internal/pkg/utils/utils.go:18.32,20.2 1 0
github.com/celogeek/go-comic-converter/v3/internal/pkg/utils/utils.go:22.32,25.2 2 0
github.com/celogeek/go-comic-converter/v3/internal/pkg/utils/utils.go:27.32,29.2 1 1
github.com/celogeek/go-comic-converter/v3/internal/pkg/utils/utils.go:31.53,33.2 1 1
github.com/celogeek/go-comic-converter/v3/internal/pkg/utils/utils.go:35.34,36.7 1 0
github.com/celogeek/go-comic-converter/v3/internal/pkg/utils/utils.go:36.7,38.3 1 0
github.com/celogeek/go-comic-converter/v3/internal/pkg/utils/utils.go:39.2,39.16 1 0
github.com/celogeek/go-comic-converter/v3/internal/pkg/utils/utils.go:42.32,44.11 2 1
github.com/celogeek/go-comic-converter/v3/internal/pkg/utils/utils.go:44.11,47.3 2 1
github.com/celogeek/go-comic-converter/v3/internal/pkg/utils/utils.go:48.2,48.24 1 1
github.com/celogeek/go-comic-converter/v3/internal/pkg/utils/utils.go:48.24,50.3 1 1
github.com/celogeek/go-comic-converter/v3/internal/pkg/utils/utils.go:51.2,51.14 1 1
github.com/celogeek/go-comic-converter/v3/internal/pkg/utils/utils.go:54.41,56.2 1 1
github.com/celogeek/go-comic-converter/v3/internal/pkg/epubimageprocessor/loader.go:43.64,44.45 1 0
github.com/celogeek/go-comic-converter/v3/internal/pkg/epubimageprocessor/loader.go:45.49,46.3 1 0
github.com/celogeek/go-comic-converter/v3/internal/pkg/epubimageprocessor/loader.go:46.3,48.4 1 0
github.com/celogeek/go-comic-converter/v3/internal/pkg/epubimageprocessor/loader.go:50.2,50.14 1 0
github.com/celogeek/go-comic-converter/v3/internal/pkg/epubimageprocessor/loader.go:54.118,56.16 2 1
github.com/celogeek/go-comic-converter/v3/internal/pkg/epubimageprocessor/loader.go:56.16,58.3 1 0
github.com/celogeek/go-comic-converter/v3/internal/pkg/epubimageprocessor/loader.go:61.2,61.16 1 1
github.com/celogeek/go-comic-converter/v3/internal/pkg/epubimageprocessor/loader.go:61.16,63.3 1 1
github.com/celogeek/go-comic-converter/v3/internal/pkg/epubimageprocessor/loader.go:63.8,64.61 1 0
github.com/celogeek/go-comic-converter/v3/internal/pkg/epubimageprocessor/loader.go:65.23,66.25 1 0
github.com/celogeek/go-comic-converter/v3/internal/pkg/epubimageprocessor/loader.go:67.23,68.25 1 0
github.com/celogeek/go-comic-converter/v3/internal/pkg/epubimageprocessor/loader.go:69.15,70.25 1 0
github.com/celogeek/go-comic-converter/v3/internal/pkg/epubimageprocessor/loader.go:71.11,73.10 2 0
github.com/celogeek/go-comic-converter/v3/internal/pkg/epubimageprocessor/loader.go:78.75,83.16 5 0
github.com/celogeek/go-comic-converter/v3/internal/pkg/epubimageprocessor/loader.go:83.16,85.3 1 0
github.com/celogeek/go-comic-converter/v3/internal/pkg/epubimageprocessor/loader.go:86.2,98.18 12 0
github.com/celogeek/go-comic-converter/v3/internal/pkg/epubimageprocessor/loader.go:102.121,106.82 3 1
github.com/celogeek/go-comic-converter/v3/internal/pkg/epubimageprocessor/loader.go:106.82,107.17 1 1
github.com/celogeek/go-comic-converter/v3/internal/pkg/epubimageprocessor/loader.go:107.17,109.4 1 0
github.com/celogeek/go-comic-converter/v3/internal/pkg/epubimageprocessor/loader.go:111.3,111.35 1 1
github.com/celogeek/go-comic-converter/v3/internal/pkg/epubimageprocessor/loader.go:111.35,113.4 1 1
github.com/celogeek/go-comic-converter/v3/internal/pkg/epubimageprocessor/loader.go:114.3,114.65 1 1
github.com/celogeek/go-comic-converter/v3/internal/pkg/epubimageprocessor/loader.go:114.65,116.4 1 1
github.com/celogeek/go-comic-converter/v3/internal/pkg/epubimageprocessor/loader.go:117.3,117.13 1 1
github.com/celogeek/go-comic-converter/v3/internal/pkg/epubimageprocessor/loader.go:120.2,120.16 1 1
github.com/celogeek/go-comic-converter/v3/internal/pkg/epubimageprocessor/loader.go:120.16,122.3 1 0
github.com/celogeek/go-comic-converter/v3/internal/pkg/epubimageprocessor/loader.go:124.2,126.22 2 1
github.com/celogeek/go-comic-converter/v3/internal/pkg/epubimageprocessor/loader.go:126.22,129.3 2 0
github.com/celogeek/go-comic-converter/v3/internal/pkg/epubimageprocessor/loader.go:131.2,139.12 4 1
github.com/celogeek/go-comic-converter/v3/internal/pkg/epubimageprocessor/loader.go:139.12,141.31 2 1
github.com/celogeek/go-comic-converter/v3/internal/pkg/epubimageprocessor/loader.go:141.31,143.4 1 1
github.com/celogeek/go-comic-converter/v3/internal/pkg/epubimageprocessor/loader.go:147.2,149.31 3 1
github.com/celogeek/go-comic-converter/v3/internal/pkg/epubimageprocessor/loader.go:149.31,151.13 2 1
github.com/celogeek/go-comic-converter/v3/internal/pkg/epubimageprocessor/loader.go:151.13,153.26 2 1
github.com/celogeek/go-comic-converter/v3/internal/pkg/epubimageprocessor/loader.go:153.26,154.12 1 1
github.com/celogeek/go-comic-converter/v3/internal/pkg/epubimageprocessor/loader.go:155.23,156.12 1 0
github.com/celogeek/go-comic-converter/v3/internal/pkg/epubimageprocessor/loader.go:157.13,157.13 0 1
github.com/celogeek/go-comic-converter/v3/internal/pkg/epubimageprocessor/loader.go:159.5,161.15 3 1
github.com/celogeek/go-comic-converter/v3/internal/pkg/epubimageprocessor/loader.go:161.15,164.20 3 0
github.com/celogeek/go-comic-converter/v3/internal/pkg/epubimageprocessor/loader.go:164.20,167.7 2 0
github.com/celogeek/go-comic-converter/v3/internal/pkg/epubimageprocessor/loader.go:170.5,171.19 2 1
github.com/celogeek/go-comic-converter/v3/internal/pkg/epubimageprocessor/loader.go:171.19,173.6 1 0
github.com/celogeek/go-comic-converter/v3/internal/pkg/epubimageprocessor/loader.go:173.11,175.6 1 1
github.com/celogeek/go-comic-converter/v3/internal/pkg/epubimageprocessor/loader.go:176.5,176.19 1 1
github.com/celogeek/go-comic-converter/v3/internal/pkg/epubimageprocessor/loader.go:176.19,178.6 1 0
github.com/celogeek/go-comic-converter/v3/internal/pkg/epubimageprocessor/loader.go:179.5,185.6 1 1
github.com/celogeek/go-comic-converter/v3/internal/pkg/epubimageprocessor/loader.go:191.2,191.12 1 1
github.com/celogeek/go-comic-converter/v3/internal/pkg/epubimageprocessor/loader.go:191.12,194.3 2 1
github.com/celogeek/go-comic-converter/v3/internal/pkg/epubimageprocessor/loader.go:196.2,196.8 1 1
github.com/celogeek/go-comic-converter/v3/internal/pkg/epubimageprocessor/loader.go:200.121,202.16 2 0
github.com/celogeek/go-comic-converter/v3/internal/pkg/epubimageprocessor/loader.go:202.16,204.3 1 0
github.com/celogeek/go-comic-converter/v3/internal/pkg/epubimageprocessor/loader.go:206.2,207.27 2 0
github.com/celogeek/go-comic-converter/v3/internal/pkg/epubimageprocessor/loader.go:207.27,208.58 1 0
github.com/celogeek/go-comic-converter/v3/internal/pkg/epubimageprocessor/loader.go:208.58,210.4 1 0
github.com/celogeek/go-comic-converter/v3/internal/pkg/epubimageprocessor/loader.go:213.2,215.22 2 0
github.com/celogeek/go-comic-converter/v3/internal/pkg/epubimageprocessor/loader.go:215.22,219.3 3 0
github.com/celogeek/go-comic-converter/v3/internal/pkg/epubimageprocessor/loader.go:221.2,222.29 2 0
github.com/celogeek/go-comic-converter/v3/internal/pkg/epubimageprocessor/loader.go:222.29,224.3 1 0
github.com/celogeek/go-comic-converter/v3/internal/pkg/epubimageprocessor/loader.go:225.2,228.29 3 0
github.com/celogeek/go-comic-converter/v3/internal/pkg/epubimageprocessor/loader.go:228.29,230.3 1 0
github.com/celogeek/go-comic-converter/v3/internal/pkg/epubimageprocessor/loader.go:232.2,237.12 3 0
github.com/celogeek/go-comic-converter/v3/internal/pkg/epubimageprocessor/loader.go:237.12,239.30 2 0
github.com/celogeek/go-comic-converter/v3/internal/pkg/epubimageprocessor/loader.go:239.30,241.4 1 0
github.com/celogeek/go-comic-converter/v3/internal/pkg/epubimageprocessor/loader.go:244.2,246.31 3 0
github.com/celogeek/go-comic-converter/v3/internal/pkg/epubimageprocessor/loader.go:246.31,248.13 2 0
github.com/celogeek/go-comic-converter/v3/internal/pkg/epubimageprocessor/loader.go:248.13,250.11 2 0
github.com/celogeek/go-comic-converter/v3/internal/pkg/epubimageprocessor/loader.go:251.22,252.11 1 0
github.com/celogeek/go-comic-converter/v3/internal/pkg/epubimageprocessor/loader.go:253.12,253.12 0 0
github.com/celogeek/go-comic-converter/v3/internal/pkg/epubimageprocessor/loader.go:255.4,255.26 1 0
github.com/celogeek/go-comic-converter/v3/internal/pkg/epubimageprocessor/loader.go:255.26,256.11 1 0
github.com/celogeek/go-comic-converter/v3/internal/pkg/epubimageprocessor/loader.go:257.22,258.11 1 0
github.com/celogeek/go-comic-converter/v3/internal/pkg/epubimageprocessor/loader.go:259.12,259.12 0 0
github.com/celogeek/go-comic-converter/v3/internal/pkg/epubimageprocessor/loader.go:261.5,263.15 3 0
github.com/celogeek/go-comic-converter/v3/internal/pkg/epubimageprocessor/loader.go:263.15,266.20 3 0
github.com/celogeek/go-comic-converter/v3/internal/pkg/epubimageprocessor/loader.go:266.20,268.7 1 0
github.com/celogeek/go-comic-converter/v3/internal/pkg/epubimageprocessor/loader.go:269.6,269.19 1 0
github.com/celogeek/go-comic-converter/v3/internal/pkg/epubimageprocessor/loader.go:272.5,273.19 2 0
github.com/celogeek/go-comic-converter/v3/internal/pkg/epubimageprocessor/loader.go:273.19,275.6 1 0
github.com/celogeek/go-comic-converter/v3/internal/pkg/epubimageprocessor/loader.go:276.5,282.6 1 0
github.com/celogeek/go-comic-converter/v3/internal/pkg/epubimageprocessor/loader.go:287.2,287.12 1 0
github.com/celogeek/go-comic-converter/v3/internal/pkg/epubimageprocessor/loader.go:287.12,291.3 3 0
github.com/celogeek/go-comic-converter/v3/internal/pkg/epubimageprocessor/loader.go:292.2,292.8 1 0
github.com/celogeek/go-comic-converter/v3/internal/pkg/epubimageprocessor/loader.go:296.121,299.16 3 0
github.com/celogeek/go-comic-converter/v3/internal/pkg/epubimageprocessor/loader.go:299.16,301.3 1 0
github.com/celogeek/go-comic-converter/v3/internal/pkg/epubimageprocessor/loader.go:303.2,304.26 2 0
github.com/celogeek/go-comic-converter/v3/internal/pkg/epubimageprocessor/loader.go:304.26,305.45 1 0
github.com/celogeek/go-comic-converter/v3/internal/pkg/epubimageprocessor/loader.go:305.45,306.15 1 0
github.com/celogeek/go-comic-converter/v3/internal/pkg/epubimageprocessor/loader.go:306.15,308.5 1 0
github.com/celogeek/go-comic-converter/v3/internal/pkg/epubimageprocessor/loader.go:309.4,309.33 1 0
github.com/celogeek/go-comic-converter/v3/internal/pkg/epubimageprocessor/loader.go:313.2,314.22 2 0
github.com/celogeek/go-comic-converter/v3/internal/pkg/epubimageprocessor/loader.go:314.22,317.3 2 0
github.com/celogeek/go-comic-converter/v3/internal/pkg/epubimageprocessor/loader.go:319.2,322.29 3 0
github.com/celogeek/go-comic-converter/v3/internal/pkg/epubimageprocessor/loader.go:322.29,324.3 1 0
github.com/celogeek/go-comic-converter/v3/internal/pkg/epubimageprocessor/loader.go:326.2,334.12 4 0
github.com/celogeek/go-comic-converter/v3/internal/pkg/epubimageprocessor/loader.go:334.12,336.16 2 0
github.com/celogeek/go-comic-converter/v3/internal/pkg/epubimageprocessor/loader.go:336.16,337.32 1 0
github.com/celogeek/go-comic-converter/v3/internal/pkg/epubimageprocessor/loader.go:337.32,338.12 1 0
github.com/celogeek/go-comic-converter/v3/internal/pkg/epubimageprocessor/loader.go:339.57,339.57 0 0
github.com/celogeek/go-comic-converter/v3/internal/pkg/epubimageprocessor/loader.go:340.13,340.13 0 0
github.com/celogeek/go-comic-converter/v3/internal/pkg/epubimageprocessor/loader.go:344.3,344.24 1 0
github.com/celogeek/go-comic-converter/v3/internal/pkg/epubimageprocessor/loader.go:344.24,346.19 2 0
github.com/celogeek/go-comic-converter/v3/internal/pkg/epubimageprocessor/loader.go:346.19,349.5 2 0
github.com/celogeek/go-comic-converter/v3/internal/pkg/epubimageprocessor/loader.go:350.4,350.40 1 0
github.com/celogeek/go-comic-converter/v3/internal/pkg/epubimageprocessor/loader.go:350.40,352.5 1 0
github.com/celogeek/go-comic-converter/v3/internal/pkg/epubimageprocessor/loader.go:353.4,353.8 1 0
github.com/celogeek/go-comic-converter/v3/internal/pkg/epubimageprocessor/loader.go:353.8,355.21 2 0
github.com/celogeek/go-comic-converter/v3/internal/pkg/epubimageprocessor/loader.go:355.21,356.25 1 0
github.com/celogeek/go-comic-converter/v3/internal/pkg/epubimageprocessor/loader.go:356.25,357.12 1 0
github.com/celogeek/go-comic-converter/v3/internal/pkg/epubimageprocessor/loader.go:359.6,360.12 2 0
github.com/celogeek/go-comic-converter/v3/internal/pkg/epubimageprocessor/loader.go:362.5,362.42 1 0
github.com/celogeek/go-comic-converter/v3/internal/pkg/epubimageprocessor/loader.go:362.42,367.22 3 0
github.com/celogeek/go-comic-converter/v3/internal/pkg/epubimageprocessor/loader.go:367.22,370.7 2 0
github.com/celogeek/go-comic-converter/v3/internal/pkg/epubimageprocessor/loader.go:371.6,371.59 1 0
github.com/celogeek/go-comic-converter/v3/internal/pkg/epubimageprocessor/loader.go:371.59,373.7 1 0
github.com/celogeek/go-comic-converter/v3/internal/pkg/epubimageprocessor/loader.go:376.9,377.30 1 0
github.com/celogeek/go-comic-converter/v3/internal/pkg/epubimageprocessor/loader.go:377.30,378.44 1 0
github.com/celogeek/go-comic-converter/v3/internal/pkg/epubimageprocessor/loader.go:378.44,380.6 1 0
github.com/celogeek/go-comic-converter/v3/internal/pkg/epubimageprocessor/loader.go:386.2,390.9 3 0
github.com/celogeek/go-comic-converter/v3/internal/pkg/epubimageprocessor/loader.go:391.27,392.22 1 0
github.com/celogeek/go-comic-converter/v3/internal/pkg/epubimageprocessor/loader.go:393.10,393.10 0 0
github.com/celogeek/go-comic-converter/v3/internal/pkg/epubimageprocessor/loader.go:396.2,396.31 1 0
github.com/celogeek/go-comic-converter/v3/internal/pkg/epubimageprocessor/loader.go:396.31,398.13 2 0
github.com/celogeek/go-comic-converter/v3/internal/pkg/epubimageprocessor/loader.go:398.13,400.17 2 0
github.com/celogeek/go-comic-converter/v3/internal/pkg/epubimageprocessor/loader.go:400.17,401.33 1 0
github.com/celogeek/go-comic-converter/v3/internal/pkg/epubimageprocessor/loader.go:401.33,402.13 1 0
github.com/celogeek/go-comic-converter/v3/internal/pkg/epubimageprocessor/loader.go:403.58,403.58 0 0
github.com/celogeek/go-comic-converter/v3/internal/pkg/epubimageprocessor/loader.go:404.14,404.14 0 0
github.com/celogeek/go-comic-converter/v3/internal/pkg/epubimageprocessor/loader.go:409.4,409.26 1 0
github.com/celogeek/go-comic-converter/v3/internal/pkg/epubimageprocessor/loader.go:409.26,411.12 1 0
github.com/celogeek/go-comic-converter/v3/internal/pkg/epubimageprocessor/loader.go:412.30,414.12 2 0
github.com/celogeek/go-comic-converter/v3/internal/pkg/epubimageprocessor/loader.go:415.13,415.13 0 0
github.com/celogeek/go-comic-converter/v3/internal/pkg/epubimageprocessor/loader.go:418.5,420.15 3 0
github.com/celogeek/go-comic-converter/v3/internal/pkg/epubimageprocessor/loader.go:420.15,423.20 3 0
github.com/celogeek/go-comic-converter/v3/internal/pkg/epubimageprocessor/loader.go:423.20,425.7 1 0
github.com/celogeek/go-comic-converter/v3/internal/pkg/epubimageprocessor/loader.go:426.6,426.19 1 0
github.com/celogeek/go-comic-converter/v3/internal/pkg/epubimageprocessor/loader.go:429.5,430.19 2 0
github.com/celogeek/go-comic-converter/v3/internal/pkg/epubimageprocessor/loader.go:430.19,432.6 1 0
github.com/celogeek/go-comic-converter/v3/internal/pkg/epubimageprocessor/loader.go:433.5,439.6 1 0
github.com/celogeek/go-comic-converter/v3/internal/pkg/epubimageprocessor/loader.go:443.2,443.12 1 0
github.com/celogeek/go-comic-converter/v3/internal/pkg/epubimageprocessor/loader.go:443.12,446.3 2 0
github.com/celogeek/go-comic-converter/v3/internal/pkg/epubimageprocessor/loader.go:449.2,449.9 1 0
github.com/celogeek/go-comic-converter/v3/internal/pkg/epubimageprocessor/loader.go:450.27,451.22 1 0
github.com/celogeek/go-comic-converter/v3/internal/pkg/epubimageprocessor/loader.go:452.10,452.10 0 0
github.com/celogeek/go-comic-converter/v3/internal/pkg/epubimageprocessor/loader.go:455.2,455.8 1 0
github.com/celogeek/go-comic-converter/v3/internal/pkg/epubimageprocessor/loader.go:459.121,461.16 2 0
github.com/celogeek/go-comic-converter/v3/internal/pkg/epubimageprocessor/loader.go:461.16,464.3 2 0
github.com/celogeek/go-comic-converter/v3/internal/pkg/epubimageprocessor/loader.go:466.2,469.12 4 0
github.com/celogeek/go-comic-converter/v3/internal/pkg/epubimageprocessor/loader.go:469.12,472.30 3 0
github.com/celogeek/go-comic-converter/v3/internal/pkg/epubimageprocessor/loader.go:472.30,475.14 3 0
github.com/celogeek/go-comic-converter/v3/internal/pkg/epubimageprocessor/loader.go:475.14,477.5 1 0
github.com/celogeek/go-comic-converter/v3/internal/pkg/epubimageprocessor/loader.go:479.4,480.18 2 0
github.com/celogeek/go-comic-converter/v3/internal/pkg/epubimageprocessor/loader.go:480.18,482.5 1 0
github.com/celogeek/go-comic-converter/v3/internal/pkg/epubimageprocessor/loader.go:483.4,489.5 1 0
github.com/celogeek/go-comic-converter/v3/internal/pkg/epubimageprocessor/loader.go:493.2,493.8 1 0
github.com/celogeek/go-comic-converter/v3/internal/pkg/epubimageprocessor/processor.go:31.56,33.2 1 1
github.com/celogeek/go-comic-converter/v3/internal/pkg/epubimageprocessor/processor.go:36.97,38.16 2 1
github.com/celogeek/go-comic-converter/v3/internal/pkg/epubimageprocessor/processor.go:38.16,40.3 1 0
github.com/celogeek/go-comic-converter/v3/internal/pkg/epubimageprocessor/processor.go:43.2,43.11 1 1
github.com/celogeek/go-comic-converter/v3/internal/pkg/epubimageprocessor/processor.go:43.11,44.31 1 1
github.com/celogeek/go-comic-converter/v3/internal/pkg/epubimageprocessor/processor.go:44.31,51.4 1 1
github.com/celogeek/go-comic-converter/v3/internal/pkg/epubimageprocessor/processor.go:53.3,53.21 1 1
github.com/celogeek/go-comic-converter/v3/internal/pkg/epubimageprocessor/processor.go:56.2,71.16 6 0
github.com/celogeek/go-comic-converter/v3/internal/pkg/epubimageprocessor/processor.go:71.16,74.3 2 0
github.com/celogeek/go-comic-converter/v3/internal/pkg/epubimageprocessor/processor.go:76.2,77.29 2 0
github.com/celogeek/go-comic-converter/v3/internal/pkg/epubimageprocessor/processor.go:77.29,79.3 1 0
github.com/celogeek/go-comic-converter/v3/internal/pkg/epubimageprocessor/processor.go:80.2,80.31 1 0
github.com/celogeek/go-comic-converter/v3/internal/pkg/epubimageprocessor/processor.go:80.31,82.13 2 0
github.com/celogeek/go-comic-converter/v3/internal/pkg/epubimageprocessor/processor.go:82.13,84.17 2 0
github.com/celogeek/go-comic-converter/v3/internal/pkg/epubimageprocessor/processor.go:84.17,85.33 1 0
github.com/celogeek/go-comic-converter/v3/internal/pkg/epubimageprocessor/processor.go:85.33,86.13 1 0
github.com/celogeek/go-comic-converter/v3/internal/pkg/epubimageprocessor/processor.go:87.53,87.53 0 0
github.com/celogeek/go-comic-converter/v3/internal/pkg/epubimageprocessor/processor.go:88.14,88.14 0 0
github.com/celogeek/go-comic-converter/v3/internal/pkg/epubimageprocessor/processor.go:93.4,93.34 1 0
github.com/celogeek/go-comic-converter/v3/internal/pkg/epubimageprocessor/processor.go:93.34,94.12 1 0
github.com/celogeek/go-comic-converter/v3/internal/pkg/epubimageprocessor/processor.go:95.23,96.12 1 0
github.com/celogeek/go-comic-converter/v3/internal/pkg/epubimageprocessor/processor.go:97.13,97.13 0 0
github.com/celogeek/go-comic-converter/v3/internal/pkg/epubimageprocessor/processor.go:100.5,104.93 2 0
github.com/celogeek/go-comic-converter/v3/internal/pkg/epubimageprocessor/processor.go:104.93,105.92 1 0
github.com/celogeek/go-comic-converter/v3/internal/pkg/epubimageprocessor/processor.go:105.92,106.14 1 0
github.com/celogeek/go-comic-converter/v3/internal/pkg/epubimageprocessor/processor.go:107.71,107.71 0 0
github.com/celogeek/go-comic-converter/v3/internal/pkg/epubimageprocessor/processor.go:108.15,108.15 0 0
github.com/celogeek/go-comic-converter/v3/internal/pkg/epubimageprocessor/processor.go:110.7,110.13 1 0
github.com/celogeek/go-comic-converter/v3/internal/pkg/epubimageprocessor/processor.go:113.6,113.20 1 0
github.com/celogeek/go-comic-converter/v3/internal/pkg/epubimageprocessor/processor.go:113.20,115.7 1 0
github.com/celogeek/go-comic-converter/v3/internal/pkg/epubimageprocessor/processor.go:116.6,116.13 1 0
github.com/celogeek/go-comic-converter/v3/internal/pkg/epubimageprocessor/processor.go:117.30,117.30 0 0
github.com/celogeek/go-comic-converter/v3/internal/pkg/epubimageprocessor/processor.go:118.24,119.13 1 0
github.com/celogeek/go-comic-converter/v3/internal/pkg/epubimageprocessor/processor.go:124.5,126.40 1 0
github.com/celogeek/go-comic-converter/v3/internal/pkg/epubimageprocessor/processor.go:126.40,127.14 1 0
github.com/celogeek/go-comic-converter/v3/internal/pkg/epubimageprocessor/processor.go:130.5,130.61 1 0
github.com/celogeek/go-comic-converter/v3/internal/pkg/epubimageprocessor/processor.go:130.61,132.92 2 0
github.com/celogeek/go-comic-converter/v3/internal/pkg/epubimageprocessor/processor.go:132.92,133.14 1 0
github.com/celogeek/go-comic-converter/v3/internal/pkg/epubimageprocessor/processor.go:134.71,134.71 0 0
github.com/celogeek/go-comic-converter/v3/internal/pkg/epubimageprocessor/processor.go:135.15,135.15 0 0
github.com/celogeek/go-comic-converter/v3/internal/pkg/epubimageprocessor/processor.go:137.7,137.13 1 0
github.com/celogeek/go-comic-converter/v3/internal/pkg/epubimageprocessor/processor.go:139.6,140.13 2 0
github.com/celogeek/go-comic-converter/v3/internal/pkg/epubimageprocessor/processor.go:141.30,141.30 0 0
github.com/celogeek/go-comic-converter/v3/internal/pkg/epubimageprocessor/processor.go:142.24,143.13 1 0
github.com/celogeek/go-comic-converter/v3/internal/pkg/epubimageprocessor/processor.go:150.2,150.12 1 0
github.com/celogeek/go-comic-converter/v3/internal/pkg/epubimageprocessor/processor.go:150.12,154.3 3 0
github.com/celogeek/go-comic-converter/v3/internal/pkg/epubimageprocessor/processor.go:157.2,157.9 1 0
github.com/celogeek/go-comic-converter/v3/internal/pkg/epubimageprocessor/processor.go:158.25,160.13 1 0
github.com/celogeek/go-comic-converter/v3/internal/pkg/epubimageprocessor/processor.go:160.13,161.25 1 0
github.com/celogeek/go-comic-converter/v3/internal/pkg/epubimageprocessor/processor.go:161.26,162.5 0 0
github.com/celogeek/go-comic-converter/v3/internal/pkg/epubimageprocessor/processor.go:164.3,165.22 2 0
github.com/celogeek/go-comic-converter/v3/internal/pkg/epubimageprocessor/processor.go:166.10,166.10 0 0
github.com/celogeek/go-comic-converter/v3/internal/pkg/epubimageprocessor/processor.go:169.2,169.31 1 0
github.com/celogeek/go-comic-converter/v3/internal/pkg/epubimageprocessor/processor.go:169.31,170.20 1 0
github.com/celogeek/go-comic-converter/v3/internal/pkg/epubimageprocessor/processor.go:170.20,172.4 1 0
github.com/celogeek/go-comic-converter/v3/internal/pkg/epubimageprocessor/processor.go:173.3,173.42 1 0
github.com/celogeek/go-comic-converter/v3/internal/pkg/epubimageprocessor/processor.go:173.42,174.12 1 0
github.com/celogeek/go-comic-converter/v3/internal/pkg/epubimageprocessor/processor.go:176.3,176.31 1 0
github.com/celogeek/go-comic-converter/v3/internal/pkg/epubimageprocessor/processor.go:180.2,180.9 1 0
github.com/celogeek/go-comic-converter/v3/internal/pkg/epubimageprocessor/processor.go:181.25,183.22 2 0
github.com/celogeek/go-comic-converter/v3/internal/pkg/epubimageprocessor/processor.go:184.10,184.10 0 0
github.com/celogeek/go-comic-converter/v3/internal/pkg/epubimageprocessor/processor.go:187.2,189.22 2 0
github.com/celogeek/go-comic-converter/v3/internal/pkg/epubimageprocessor/processor.go:189.22,191.3 1 0
github.com/celogeek/go-comic-converter/v3/internal/pkg/epubimageprocessor/processor.go:193.2,193.20 1 0
github.com/celogeek/go-comic-converter/v3/internal/pkg/epubimageprocessor/processor.go:196.88,197.35 1 0
github.com/celogeek/go-comic-converter/v3/internal/pkg/epubimageprocessor/processor.go:197.35,199.3 1 0
github.com/celogeek/go-comic-converter/v3/internal/pkg/epubimageprocessor/processor.go:201.2,201.25 1 0
github.com/celogeek/go-comic-converter/v3/internal/pkg/epubimageprocessor/processor.go:202.19,203.26 1 0
github.com/celogeek/go-comic-converter/v3/internal/pkg/epubimageprocessor/processor.go:204.21,205.28 1 0
github.com/celogeek/go-comic-converter/v3/internal/pkg/epubimageprocessor/processor.go:206.19,207.26 1 0
github.com/celogeek/go-comic-converter/v3/internal/pkg/epubimageprocessor/processor.go:208.21,209.28 1 0
github.com/celogeek/go-comic-converter/v3/internal/pkg/epubimageprocessor/processor.go:210.20,211.27 1 0
github.com/celogeek/go-comic-converter/v3/internal/pkg/epubimageprocessor/processor.go:212.22,213.29 1 0
github.com/celogeek/go-comic-converter/v3/internal/pkg/epubimageprocessor/processor.go:214.20,215.27 1 0
github.com/celogeek/go-comic-converter/v3/internal/pkg/epubimageprocessor/processor.go:216.22,217.29 1 0
github.com/celogeek/go-comic-converter/v3/internal/pkg/epubimageprocessor/processor.go:218.19,219.26 1 0
github.com/celogeek/go-comic-converter/v3/internal/pkg/epubimageprocessor/processor.go:220.23,221.41 1 0
github.com/celogeek/go-comic-converter/v3/internal/pkg/epubimageprocessor/processor.go:222.10,223.29 1 0
github.com/celogeek/go-comic-converter/v3/internal/pkg/epubimageprocessor/processor.go:229.114,236.52 4 0
github.com/celogeek/go-comic-converter/v3/internal/pkg/epubimageprocessor/processor.go:236.52,238.3 1 0
github.com/celogeek/go-comic-converter/v3/internal/pkg/epubimageprocessor/processor.go:241.2,241.50 1 0
github.com/celogeek/go-comic-converter/v3/internal/pkg/epubimageprocessor/processor.go:241.50,258.64 4 0
github.com/celogeek/go-comic-converter/v3/internal/pkg/epubimageprocessor/processor.go:258.64,260.4 1 0
github.com/celogeek/go-comic-converter/v3/internal/pkg/epubimageprocessor/processor.go:265.2,265.51 1 0
github.com/celogeek/go-comic-converter/v3/internal/pkg/epubimageprocessor/processor.go:265.51,267.3 1 0
github.com/celogeek/go-comic-converter/v3/internal/pkg/epubimageprocessor/processor.go:269.2,274.40 3 0
github.com/celogeek/go-comic-converter/v3/internal/pkg/epubimageprocessor/processor.go:274.40,276.3 1 0
github.com/celogeek/go-comic-converter/v3/internal/pkg/epubimageprocessor/processor.go:278.2,278.26 1 0
github.com/celogeek/go-comic-converter/v3/internal/pkg/epubimageprocessor/processor.go:278.26,280.3 1 0
github.com/celogeek/go-comic-converter/v3/internal/pkg/epubimageprocessor/processor.go:282.2,282.27 1 0
github.com/celogeek/go-comic-converter/v3/internal/pkg/epubimageprocessor/processor.go:282.27,284.3 1 0
github.com/celogeek/go-comic-converter/v3/internal/pkg/epubimageprocessor/processor.go:286.2,286.29 1 0
github.com/celogeek/go-comic-converter/v3/internal/pkg/epubimageprocessor/processor.go:286.29,288.3 1 0
github.com/celogeek/go-comic-converter/v3/internal/pkg/epubimageprocessor/processor.go:290.2,290.20 1 0
github.com/celogeek/go-comic-converter/v3/internal/pkg/epubimageprocessor/processor.go:290.20,292.3 1 0
github.com/celogeek/go-comic-converter/v3/internal/pkg/epubimageprocessor/processor.go:294.2,294.23 1 0
github.com/celogeek/go-comic-converter/v3/internal/pkg/epubimageprocessor/processor.go:294.23,296.32 2 0
github.com/celogeek/go-comic-converter/v3/internal/pkg/epubimageprocessor/processor.go:297.10,298.97 1 0
github.com/celogeek/go-comic-converter/v3/internal/pkg/epubimageprocessor/processor.go:298.97,301.5 2 0
github.com/celogeek/go-comic-converter/v3/internal/pkg/epubimageprocessor/processor.go:302.10,303.97 1 0
github.com/celogeek/go-comic-converter/v3/internal/pkg/epubimageprocessor/processor.go:303.97,306.5 2 0
github.com/celogeek/go-comic-converter/v3/internal/pkg/epubimageprocessor/processor.go:307.11,308.24 1 0
github.com/celogeek/go-comic-converter/v3/internal/pkg/epubimageprocessor/processor.go:310.3,310.11 1 0
github.com/celogeek/go-comic-converter/v3/internal/pkg/epubimageprocessor/processor.go:313.2,331.3 4 0
github.com/celogeek/go-comic-converter/v3/internal/pkg/epubimageprocessor/processor.go:346.83,365.2 1 0
github.com/celogeek/go-comic-converter/v3/internal/pkg/epubimageprocessor/processor.go:368.92,372.44 3 0
github.com/celogeek/go-comic-converter/v3/internal/pkg/epubimageprocessor/processor.go:372.44,374.3 1 0
github.com/celogeek/go-comic-converter/v3/internal/pkg/epubimageprocessor/processor.go:374.8,376.3 1 0
github.com/celogeek/go-comic-converter/v3/internal/pkg/epubimageprocessor/processor.go:377.2,384.3 2 0
github.com/celogeek/go-comic-converter/v3/internal/pkg/epubimageloader/loader.go:44.74,46.16 2 0
github.com/celogeek/go-comic-converter/v3/internal/pkg/epubimageloader/loader.go:46.16,48.3 1 0
github.com/celogeek/go-comic-converter/v3/internal/pkg/epubimageloader/loader.go:49.2,49.19 1 0
github.com/celogeek/go-comic-converter/v3/internal/pkg/epubimageloader/loader.go:49.19,51.3 1 0
github.com/celogeek/go-comic-converter/v3/internal/pkg/epubimageloader/loader.go:53.2,54.16 2 0
github.com/celogeek/go-comic-converter/v3/internal/pkg/epubimageloader/loader.go:54.16,56.3 1 0
github.com/celogeek/go-comic-converter/v3/internal/pkg/epubimageloader/loader.go:58.2,58.47 1 0
github.com/celogeek/go-comic-converter/v3/internal/pkg/epubimageloader/loader.go:58.47,60.3 1 0
github.com/celogeek/go-comic-converter/v3/internal/pkg/epubimageloader/loader.go:62.2,63.16 2 0
github.com/celogeek/go-comic-converter/v3/internal/pkg/epubimageloader/loader.go:63.16,65.3 1 0
github.com/celogeek/go-comic-converter/v3/internal/pkg/epubimageloader/loader.go:66.2,66.25 1 0
github.com/celogeek/go-comic-converter/v3/internal/pkg/epubimageloader/loader.go:72.63,73.45 1 0
github.com/celogeek/go-comic-converter/v3/internal/pkg/epubimageloader/loader.go:74.31,75.54 1 0
github.com/celogeek/go-comic-converter/v3/internal/pkg/epubimageloader/loader.go:76.24,77.73 1 0
github.com/celogeek/go-comic-converter/v3/internal/pkg/epubimageloader/loader.go:79.2,79.14 1 0
github.com/celogeek/go-comic-converter/v3/internal/pkg/epubimageloader/loader.go:84.52,89.16 5 0
github.com/celogeek/go-comic-converter/v3/internal/pkg/epubimageloader/loader.go:89.16,91.3 1 0
github.com/celogeek/go-comic-converter/v3/internal/pkg/epubimageloader/loader.go:92.2,104.18 12 0
github.com/celogeek/go-comic-converter/v3/pkg/epuboptions/epub_options.go:27.60,29.19 2 0
github.com/celogeek/go-comic-converter/v3/pkg/epuboptions/epub_options.go:29.19,31.3 1 0
github.com/celogeek/go-comic-converter/v3/pkg/epuboptions/epub_options.go:32.2,32.8 1 0
github.com/celogeek/go-comic-converter/v3/pkg/epuboptions/epub_options.go:35.42,37.2 1 0
github.com/celogeek/go-comic-converter/v3/pkg/epuboptions/view.go:15.34,17.2 1 0
github.com/celogeek/go-comic-converter/v3/pkg/epuboptions/view.go:19.29,21.2 1 0
github.com/celogeek/go-comic-converter/v3/internal/pkg/epubimage/epub_image.go:28.38,30.2 1 0
github.com/celogeek/go-comic-converter/v3/internal/pkg/epubimage/epub_image.go:33.39,35.2 1 0
github.com/celogeek/go-comic-converter/v3/internal/pkg/epubimage/epub_image.go:38.43,40.2 1 0
github.com/celogeek/go-comic-converter/v3/internal/pkg/epubimage/epub_image.go:42.37,44.2 1 0
github.com/celogeek/go-comic-converter/v3/internal/pkg/epubimage/epub_image.go:47.37,49.2 1 0
github.com/celogeek/go-comic-converter/v3/internal/pkg/epubimage/epub_image.go:52.38,54.2 1 0
github.com/celogeek/go-comic-converter/v3/internal/pkg/epubimage/epub_image.go:57.42,59.2 1 0
github.com/celogeek/go-comic-converter/v3/internal/pkg/epubimage/epub_image.go:62.36,64.2 1 0
github.com/celogeek/go-comic-converter/v3/internal/pkg/epubimage/epub_image.go:67.37,69.2 1 0
github.com/celogeek/go-comic-converter/v3/internal/pkg/epubimage/epub_image.go:72.41,74.2 1 0
github.com/celogeek/go-comic-converter/v3/internal/pkg/epubimage/epub_image.go:77.39,79.2 1 0
github.com/celogeek/go-comic-converter/v3/internal/pkg/epubimage/epub_image.go:85.77,94.17 7 0
github.com/celogeek/go-comic-converter/v3/internal/pkg/epubimage/epub_image.go:94.17,95.21 1 0
github.com/celogeek/go-comic-converter/v3/internal/pkg/epubimage/epub_image.go:96.37,97.36 1 0
github.com/celogeek/go-comic-converter/v3/internal/pkg/epubimage/epub_image.go:98.38,99.35 1 0
github.com/celogeek/go-comic-converter/v3/internal/pkg/epubimage/epub_image.go:100.11,101.93 1 0
github.com/celogeek/go-comic-converter/v3/internal/pkg/epubimage/epub_image.go:103.8,105.3 1 0
github.com/celogeek/go-comic-converter/v3/internal/pkg/epubimage/epub_image.go:107.2,107.34 1 0
github.com/celogeek/go-comic-converter/v3/internal/pkg/epubimage/epub_image.go:110.81,114.48 3 0
github.com/celogeek/go-comic-converter/v3/internal/pkg/epubimage/epub_image.go:114.48,116.3 1 0
github.com/celogeek/go-comic-converter/v3/internal/pkg/epubimage/epub_image.go:118.2,121.21 3 0
github.com/celogeek/go-comic-converter/v3/internal/pkg/epubimage/epub_image.go:121.21,124.3 2 0
github.com/celogeek/go-comic-converter/v3/internal/pkg/epubimage/epub_image.go:124.8,127.3 2 0
github.com/celogeek/go-comic-converter/v3/internal/pkg/epubimage/epub_image.go:129.2,129.8 1 0
github.com/celogeek/go-comic-converter/v3/internal/pkg/epubimagefilters/auto_contrast.go:14.33,16.2 1 0
github.com/celogeek/go-comic-converter/v3/internal/pkg/epubimagefilters/auto_contrast.go:22.53,24.59 2 0
github.com/celogeek/go-comic-converter/v3/internal/pkg/epubimagefilters/auto_contrast.go:24.59,25.60 1 0
github.com/celogeek/go-comic-converter/v3/internal/pkg/epubimagefilters/auto_contrast.go:25.60,28.4 2 0
github.com/celogeek/go-comic-converter/v3/internal/pkg/epubimagefilters/auto_contrast.go:32.2,33.2 2 0
github.com/celogeek/go-comic-converter/v3/internal/pkg/epubimagefilters/auto_contrast.go:33.2,38.25 3 0
github.com/celogeek/go-comic-converter/v3/internal/pkg/epubimagefilters/auto_contrast.go:38.25,40.4 1 0
github.com/celogeek/go-comic-converter/v3/internal/pkg/epubimagefilters/auto_contrast.go:41.3,42.32 2 0
github.com/celogeek/go-comic-converter/v3/internal/pkg/epubimagefilters/auto_contrast.go:42.32,43.34 1 0
github.com/celogeek/go-comic-converter/v3/internal/pkg/epubimagefilters/auto_contrast.go:43.34,44.10 1 0
github.com/celogeek/go-comic-converter/v3/internal/pkg/epubimagefilters/auto_contrast.go:46.4,46.29 1 0
github.com/celogeek/go-comic-converter/v3/internal/pkg/epubimagefilters/auto_contrast.go:50.2,50.38 1 0
github.com/celogeek/go-comic-converter/v3/internal/pkg/epubimagefilters/auto_contrast.go:54.46,55.11 1 0
github.com/celogeek/go-comic-converter/v3/internal/pkg/epubimagefilters/auto_contrast.go:55.11,57.3 1 0
github.com/celogeek/go-comic-converter/v3/internal/pkg/epubimagefilters/auto_contrast.go:58.2,58.11 1 0
github.com/celogeek/go-comic-converter/v3/internal/pkg/epubimagefilters/auto_contrast.go:58.11,60.3 1 0
github.com/celogeek/go-comic-converter/v3/internal/pkg/epubimagefilters/auto_contrast.go:61.2,61.10 1 0
github.com/celogeek/go-comic-converter/v3/internal/pkg/epubimagefilters/auto_contrast.go:65.47,67.2 1 0
github.com/celogeek/go-comic-converter/v3/internal/pkg/epubimagefilters/auto_contrast.go:70.84,81.91 4 0
github.com/celogeek/go-comic-converter/v3/internal/pkg/epubimagefilters/auto_contrast.go:81.91,90.3 3 0
github.com/celogeek/go-comic-converter/v3/internal/pkg/epubimagefilters/auto_contrast.go:94.83,97.2 2 0
github.com/celogeek/go-comic-converter/v3/internal/pkg/epubimagefilters/auto_crop.go:11.165,15.2 1 0
github.com/celogeek/go-comic-converter/v3/internal/pkg/epubimagefilters/auto_crop.go:18.39,21.2 2 0
github.com/celogeek/go-comic-converter/v3/internal/pkg/epubimagefilters/auto_crop.go:24.51,25.25 1 0
github.com/celogeek/go-comic-converter/v3/internal/pkg/epubimagefilters/auto_crop.go:26.19,27.42 1 0
github.com/celogeek/go-comic-converter/v3/internal/pkg/epubimagefilters/auto_crop.go:28.19,30.51 2 0
github.com/celogeek/go-comic-converter/v3/internal/pkg/epubimagefilters/auto_crop.go:31.10,32.36 1 0
github.com/celogeek/go-comic-converter/v3/internal/pkg/epubimagefilters/auto_crop.go:42.136,46.49 2 0
github.com/celogeek/go-comic-converter/v3/internal/pkg/epubimagefilters/auto_crop.go:46.49,48.50 2 0
github.com/celogeek/go-comic-converter/v3/internal/pkg/epubimagefilters/auto_crop.go:48.50,49.32 1 0
github.com/celogeek/go-comic-converter/v3/internal/pkg/epubimagefilters/auto_crop.go:49.32,51.27 2 0
github.com/celogeek/go-comic-converter/v3/internal/pkg/epubimagefilters/auto_crop.go:51.27,52.16 1 0
github.com/celogeek/go-comic-converter/v3/internal/pkg/epubimagefilters/auto_crop.go:56.3,56.18 1 0
github.com/celogeek/go-comic-converter/v3/internal/pkg/epubimagefilters/auto_crop.go:59.1,60.49 1 0
github.com/celogeek/go-comic-converter/v3/internal/pkg/epubimagefilters/auto_crop.go:60.49,62.50 2 0
github.com/celogeek/go-comic-converter/v3/internal/pkg/epubimagefilters/auto_crop.go:62.50,63.32 1 0
github.com/celogeek/go-comic-converter/v3/internal/pkg/epubimagefilters/auto_crop.go:63.32,65.27 2 0
github.com/celogeek/go-comic-converter/v3/internal/pkg/epubimagefilters/auto_crop.go:65.27,66.14 1 0
github.com/celogeek/go-comic-converter/v3/internal/pkg/epubimagefilters/auto_crop.go:70.3,70.18 1 0
github.com/celogeek/go-comic-converter/v3/internal/pkg/epubimagefilters/auto_crop.go:73.1,74.54 1 0
github.com/celogeek/go-comic-converter/v3/internal/pkg/epubimagefilters/auto_crop.go:74.54,76.50 2 0
github.com/celogeek/go-comic-converter/v3/internal/pkg/epubimagefilters/auto_crop.go:76.50,77.32 1 0
github.com/celogeek/go-comic-converter/v3/internal/pkg/epubimagefilters/auto_crop.go:77.32,79.27 2 0
github.com/celogeek/go-comic-converter/v3/internal/pkg/epubimagefilters/auto_crop.go:79.27,80.17 1 0
github.com/celogeek/go-comic-converter/v3/internal/pkg/epubimagefilters/auto_crop.go:84.3,84.18 1 0
github.com/celogeek/go-comic-converter/v3/internal/pkg/epubimagefilters/auto_crop.go:87.1,88.54 1 0
github.com/celogeek/go-comic-converter/v3/internal/pkg/epubimagefilters/auto_crop.go:88.54,90.50 2 0
github.com/celogeek/go-comic-converter/v3/internal/pkg/epubimagefilters/auto_crop.go:90.50,91.32 1 0
github.com/celogeek/go-comic-converter/v3/internal/pkg/epubimagefilters/auto_crop.go:91.32,93.27 2 0
github.com/celogeek/go-comic-converter/v3/internal/pkg/epubimagefilters/auto_crop.go:93.27,94.18 1 0
github.com/celogeek/go-comic-converter/v3/internal/pkg/epubimagefilters/auto_crop.go:98.3,98.18 1 0
github.com/celogeek/go-comic-converter/v3/internal/pkg/epubimagefilters/auto_crop.go:102.2,102.58 1 0
github.com/celogeek/go-comic-converter/v3/internal/pkg/epubimagefilters/auto_crop.go:102.58,104.3 1 0
github.com/celogeek/go-comic-converter/v3/internal/pkg/epubimagefilters/auto_crop.go:106.2,107.56 2 0
github.com/celogeek/go-comic-converter/v3/internal/pkg/epubimagefilters/auto_crop.go:107.56,109.3 1 0
github.com/celogeek/go-comic-converter/v3/internal/pkg/epubimagefilters/auto_crop.go:111.2,114.16 3 0
github.com/celogeek/go-comic-converter/v3/internal/pkg/epubimagefilters/auto_crop.go:117.75,119.2 1 0
github.com/celogeek/go-comic-converter/v3/internal/pkg/epubimagefilters/auto_crop.go:121.63,122.17 1 0
github.com/celogeek/go-comic-converter/v3/internal/pkg/epubimagefilters/auto_crop.go:122.17,124.3 1 0
github.com/celogeek/go-comic-converter/v3/internal/pkg/epubimagefilters/auto_crop.go:126.2,128.16 3 0
github.com/celogeek/go-comic-converter/v3/internal/pkg/epubimagefilters/auto_crop.go:128.16,131.3 2 0
github.com/celogeek/go-comic-converter/v3/internal/pkg/epubimagefilters/auto_crop.go:132.2,132.16 1 0
github.com/celogeek/go-comic-converter/v3/internal/pkg/epubimagefilters/auto_crop.go:132.16,135.3 2 0
github.com/celogeek/go-comic-converter/v3/internal/pkg/epubimagefilters/auto_crop.go:136.2,136.17 1 0
github.com/celogeek/go-comic-converter/v3/internal/pkg/epubimagefilters/cover_title.go:18.119,20.2 1 0
github.com/celogeek/go-comic-converter/v3/internal/pkg/epubimagefilters/cover_title.go:32.83,34.2 1 0
github.com/celogeek/go-comic-converter/v3/internal/pkg/epubimagefilters/cover_title.go:37.76,39.19 2 0
github.com/celogeek/go-comic-converter/v3/internal/pkg/epubimagefilters/cover_title.go:39.19,41.3 1 0
github.com/celogeek/go-comic-converter/v3/internal/pkg/epubimagefilters/cover_title.go:43.2,47.16 3 0
github.com/celogeek/go-comic-converter/v3/internal/pkg/epubimagefilters/cover_title.go:47.16,50.3 1 0
github.com/celogeek/go-comic-converter/v3/internal/pkg/epubimagefilters/cover_title.go:51.2,53.18 3 0
github.com/celogeek/go-comic-converter/v3/internal/pkg/epubimagefilters/cover_title.go:53.18,58.100 5 0
github.com/celogeek/go-comic-converter/v3/internal/pkg/epubimagefilters/cover_title.go:58.100,61.4 2 0
github.com/celogeek/go-comic-converter/v3/internal/pkg/epubimagefilters/cover_title.go:61.9,63.4 1 0
github.com/celogeek/go-comic-converter/v3/internal/pkg/epubimagefilters/cover_title.go:67.2,69.25 3 0
github.com/celogeek/go-comic-converter/v3/internal/pkg/epubimagefilters/cover_title.go:69.25,72.3 2 0
github.com/celogeek/go-comic-converter/v3/internal/pkg/epubimagefilters/cover_title.go:72.8,75.3 2 0
github.com/celogeek/go-comic-converter/v3/internal/pkg/epubimagefilters/cover_title.go:76.2,105.31 13 0
github.com/celogeek/go-comic-converter/v3/internal/pkg/epubimagefilters/cover_title.go:105.31,107.3 1 0
github.com/celogeek/go-comic-converter/v3/internal/pkg/epubimagefilters/cover_title.go:108.2,109.62 2 0
github.com/celogeek/go-comic-converter/v3/internal/pkg/epubimagefilters/crop_split_double_page.go:13.50,15.2 1 0
github.com/celogeek/go-comic-converter/v3/internal/pkg/epubimagefilters/crop_split_double_page.go:21.92,22.13 1 0
github.com/celogeek/go-comic-converter/v3/internal/pkg/epubimagefilters/crop_split_double_page.go:22.13,27.3 1 0
github.com/celogeek/go-comic-converter/v3/internal/pkg/epubimagefilters/crop_split_double_page.go:27.8,32.3 1 0
github.com/celogeek/go-comic-converter/v3/internal/pkg/epubimagefilters/crop_split_double_page.go:33.2,33.8 1 0
github.com/celogeek/go-comic-converter/v3/internal/pkg/epubimagefilters/crop_split_double_page.go:36.91,38.2 1 0
github.com/celogeek/go-comic-converter/v3/internal/pkg/epubimagefilters/pixel.go:14.26,16.2 1 0
github.com/celogeek/go-comic-converter/v3/internal/pkg/epubimagefilters/pixel.go:21.78,22.48 1 0
github.com/celogeek/go-comic-converter/v3/internal/pkg/epubimagefilters/pixel.go:22.48,24.3 1 0
github.com/celogeek/go-comic-converter/v3/internal/pkg/epubimagefilters/pixel.go:24.8,26.3 1 0
github.com/celogeek/go-comic-converter/v3/internal/pkg/epubimagefilters/pixel.go:27.2,27.8 1 0
github.com/celogeek/go-comic-converter/v3/internal/pkg/epubimagefilters/pixel.go:30.71,31.54 1 0
github.com/celogeek/go-comic-converter/v3/internal/pkg/epubimagefilters/pixel.go:31.54,34.3 2 0
github.com/celogeek/go-comic-converter/v3/internal/pkg/epubimagefilters/pixel.go:35.2,35.63 1 0
github.com/celogeek/go-comic-converter/v3/main.go:25.13,30.41 4 0
github.com/celogeek/go-comic-converter/v3/main.go:30.41,32.3 1 0
github.com/celogeek/go-comic-converter/v3/main.go:33.2,36.9 3 0
github.com/celogeek/go-comic-converter/v3/main.go:37.27,38.12 1 0
github.com/celogeek/go-comic-converter/v3/main.go:39.24,40.12 1 0
github.com/celogeek/go-comic-converter/v3/main.go:41.24,42.12 1 0
github.com/celogeek/go-comic-converter/v3/main.go:43.25,44.13 1 0
github.com/celogeek/go-comic-converter/v3/main.go:45.10,46.21 1 0
github.com/celogeek/go-comic-converter/v3/main.go:50.16,52.9 2 0
github.com/celogeek/go-comic-converter/v3/main.go:52.9,54.3 1 0
github.com/celogeek/go-comic-converter/v3/main.go:57.2,59.16 3 0
github.com/celogeek/go-comic-converter/v3/main.go:59.16,61.39 2 0
github.com/celogeek/go-comic-converter/v3/main.go:61.39,63.84 2 0
github.com/celogeek/go-comic-converter/v3/main.go:63.84,65.5 1 0
github.com/celogeek/go-comic-converter/v3/main.go:69.2,83.3 1 0
github.com/celogeek/go-comic-converter/v3/main.go:86.37,87.49 1 0
github.com/celogeek/go-comic-converter/v3/main.go:87.49,89.3 1 0
github.com/celogeek/go-comic-converter/v3/main.go:90.2,95.3 1 0
github.com/celogeek/go-comic-converter/v3/main.go:98.37,100.2 1 0
github.com/celogeek/go-comic-converter/v3/main.go:102.38,103.50 1 0
github.com/celogeek/go-comic-converter/v3/main.go:103.50,105.3 1 0
github.com/celogeek/go-comic-converter/v3/main.go:106.2,111.3 1 0
github.com/celogeek/go-comic-converter/v3/main.go:114.62,115.39 1 0
github.com/celogeek/go-comic-converter/v3/main.go:115.39,117.3 1 0
github.com/celogeek/go-comic-converter/v3/main.go:119.2,119.57 1 0
github.com/celogeek/go-comic-converter/v3/main.go:119.57,122.3 2 0
github.com/celogeek/go-comic-converter/v3/main.go:124.2,124.22 1 0
github.com/celogeek/go-comic-converter/v3/main.go:124.22,128.3 1 0
github.com/celogeek/go-comic-converter/v3/main.go:128.8,130.3 1 0
github.com/celogeek/go-comic-converter/v3/main.go:132.2,132.69 1 0
github.com/celogeek/go-comic-converter/v3/main.go:132.69,133.39 1 0
github.com/celogeek/go-comic-converter/v3/main.go:133.39,136.4 2 0
github.com/celogeek/go-comic-converter/v3/main.go:137.3,137.45 1 0
github.com/celogeek/go-comic-converter/v3/main.go:137.45,138.24 1 0
github.com/celogeek/go-comic-converter/v3/main.go:138.24,140.5 1 0
github.com/celogeek/go-comic-converter/v3/main.go:141.4,141.36 1 0
github.com/celogeek/go-comic-converter/v3/main.go:142.9,144.4 1 0
github.com/celogeek/go-comic-converter/v3/main.go:146.2,146.22 1 0
github.com/celogeek/go-comic-converter/v3/main.go:146.22,148.3 1 0
github.com/celogeek/go-comic-converter/v3/pkg/epub/epub.go:54.33,57.22 3 1
github.com/celogeek/go-comic-converter/v3/pkg/epub/epub.go:57.22,58.12 1 1
github.com/celogeek/go-comic-converter/v3/pkg/epub/epub.go:59.12,60.32 1 0
github.com/celogeek/go-comic-converter/v3/pkg/epub/epub.go:61.12,62.31 1 0
github.com/celogeek/go-comic-converter/v3/pkg/epub/epub.go:63.12,64.31 1 0
github.com/celogeek/go-comic-converter/v3/pkg/epub/epub.go:65.12,66.33 1 0
github.com/celogeek/go-comic-converter/v3/pkg/epub/epub.go:67.13,68.33 1 0
github.com/celogeek/go-comic-converter/v3/pkg/epub/epub.go:69.11,70.24 1 1
github.com/celogeek/go-comic-converter/v3/pkg/epub/epub.go:73.2,73.25 1 1
github.com/celogeek/go-comic-converter/v3/pkg/epub/epub.go:80.48,84.36 2 1
github.com/celogeek/go-comic-converter/v3/pkg/epub/epub.go:84.36,84.55 1 0
github.com/celogeek/go-comic-converter/v3/pkg/epub/epub.go:85.43,85.73 1 0
github.com/celogeek/go-comic-converter/v3/pkg/epub/epub.go:90.2,95.4 2 1
github.com/celogeek/go-comic-converter/v3/pkg/epub/epub.go:95.4,98.3 2 1
github.com/celogeek/go-comic-converter/v3/pkg/epub/epub.go:100.2,101.36 2 1
github.com/celogeek/go-comic-converter/v3/pkg/epub/epub.go:101.36,103.3 1 0
github.com/celogeek/go-comic-converter/v3/pkg/epub/epub.go:103.8,105.3 1 1
github.com/celogeek/go-comic-converter/v3/pkg/epub/epub.go:107.2,114.3 1 1
github.com/celogeek/go-comic-converter/v3/pkg/epub/epub.go:117.63,119.9 2 1
github.com/celogeek/go-comic-converter/v3/pkg/epub/epub.go:119.9,120.37 1 0
github.com/celogeek/go-comic-converter/v3/pkg/epub/epub.go:122.2,123.52 2 1
github.com/celogeek/go-comic-converter/v3/pkg/epub/epub.go:123.52,124.13 1 0
github.com/celogeek/go-comic-converter/v3/pkg/epub/epub.go:126.2,126.61 1 1
github.com/celogeek/go-comic-converter/v3/pkg/epub/epub.go:130.95,140.16 2 1
github.com/celogeek/go-comic-converter/v3/pkg/epub/epub.go:140.16,142.3 1 1
github.com/celogeek/go-comic-converter/v3/pkg/epub/epub.go:144.2,144.12 1 1
github.com/celogeek/go-comic-converter/v3/pkg/epub/epub.go:148.77,156.2 1 1
github.com/celogeek/go-comic-converter/v3/pkg/epub/epub.go:159.104,162.20 3 1
github.com/celogeek/go-comic-converter/v3/pkg/epub/epub.go:162.20,165.3 2 0
github.com/celogeek/go-comic-converter/v3/pkg/epub/epub.go:167.2,175.16 1 1
github.com/celogeek/go-comic-converter/v3/pkg/epub/epub.go:175.16,177.3 1 0
github.com/celogeek/go-comic-converter/v3/pkg/epub/epub.go:179.2,190.16 2 1
github.com/celogeek/go-comic-converter/v3/pkg/epub/epub.go:190.16,192.3 1 0
github.com/celogeek/go-comic-converter/v3/pkg/epub/epub.go:194.2,194.48 1 1
github.com/celogeek/go-comic-converter/v3/pkg/epub/epub.go:194.48,196.3 1 0
github.com/celogeek/go-comic-converter/v3/pkg/epub/epub.go:198.2,198.12 1 1
github.com/celogeek/go-comic-converter/v3/pkg/epub/epub.go:202.96,204.32 2 0
github.com/celogeek/go-comic-converter/v3/pkg/epub/epub.go:204.32,205.20 1 0
github.com/celogeek/go-comic-converter/v3/pkg/epub/epub.go:205.20,207.4 1 0
github.com/celogeek/go-comic-converter/v3/pkg/epub/epub.go:207.9,209.4 1 0
github.com/celogeek/go-comic-converter/v3/pkg/epub/epub.go:212.2,212.32 1 0
github.com/celogeek/go-comic-converter/v3/pkg/epub/epub.go:212.32,219.17 1 0
github.com/celogeek/go-comic-converter/v3/pkg/epub/epub.go:219.17,221.4 1 0
github.com/celogeek/go-comic-converter/v3/pkg/epub/epub.go:224.2,232.16 1 0
github.com/celogeek/go-comic-converter/v3/pkg/epub/epub.go:232.16,234.3 1 0
[...]
github.com/celogeek/go-comic-converter/v3/pkg/epub/epub.go:383.64,384.36 1 1
github.com/celogeek/go-comic-converter/v3/pkg/epub/epub.go:384.36,387.3 1 0
github.com/celogeek/go-comic-converter/v3/pkg/epub/epub.go:390.2,391.26 2 1
github.com/celogeek/go-comic-converter/v3/pkg/epub/epub.go:391.26,393.3 1 1
github.com/celogeek/go-comic-converter/v3/pkg/epub/epub.go:395.2,396.36 2 1
github.com/celogeek/go-comic-converter/v3/pkg/epub/epub.go:396.36,398.3 1 0
github.com/celogeek/go-comic-converter/v3/pkg/epub/epub.go:398.8,400.3 1 1
github.com/celogeek/go-comic-converter/v3/pkg/epub/epub.go:403.127,407.16 3 1
github.com/celogeek/go-comic-converter/v3/pkg/epub/epub.go:407.16,409.3 1 0
github.com/celogeek/go-comic-converter/v3/pkg/epub/epub.go:410.2,410.33 1 1
github.com/celogeek/go-comic-converter/v3/pkg/epub/epub.go:410.33,412.3 1 1
github.com/celogeek/go-comic-converter/v3/pkg/epub/epub.go:414.2,415.20 2 1
github.com/celogeek/go-comic-converter/v3/pkg/epub/epub.go:415.20,417.3 1 0
github.com/celogeek/go-comic-converter/v3/pkg/epub/epub.go:419.2,445.39 3 1
github.com/celogeek/go-comic-converter/v3/pkg/epub/epub.go:445.39,447.3 1 0
github.com/celogeek/go-comic-converter/v3/pkg/epub/epub.go:448.2,448.28 1 1
github.com/celogeek/go-comic-converter/v3/pkg/epub/epub.go:448.28,449.68 1 1
github.com/celogeek/go-comic-converter/v3/pkg/epub/epub.go:449.68,451.4 1 0
github.com/celogeek/go-comic-converter/v3/pkg/epub/epub.go:454.2,454.82 1 1
github.com/celogeek/go-comic-converter/v3/pkg/epub/epub.go:454.82,456.3 1 0
github.com/celogeek/go-comic-converter/v3/pkg/epub/epub.go:458.2,458.18 1 1
github.com/celogeek/go-comic-converter/v3/pkg/epub/epub.go:458.18,459.65 1 0
github.com/celogeek/go-comic-converter/v3/pkg/epub/epub.go:459.65,461.4 1 0
github.com/celogeek/go-comic-converter/v3/pkg/epub/epub.go:464.2,465.34 2 1
github.com/celogeek/go-comic-converter/v3/pkg/epub/epub.go:465.34,466.82 1 1
github.com/celogeek/go-comic-converter/v3/pkg/epub/epub.go:466.82,468.4 1 0
github.com/celogeek/go-comic-converter/v3/pkg/epub/epub.go:471.3,474.42 1 1
github.com/celogeek/go-comic-converter/v3/pkg/epub/epub.go:474.42,475.48 1 1
github.com/celogeek/go-comic-converter/v3/pkg/epub/epub.go:475.48,477.5 1 0
github.com/celogeek/go-comic-converter/v3/pkg/epub/epub.go:480.2,480.12 1 1
github.com/celogeek/go-comic-converter/v3/pkg/epub/epub.go:484.48,486.16 2 1
github.com/celogeek/go-comic-converter/v3/pkg/epub/epub.go:486.16,488.3 1 1
github.com/celogeek/go-comic-converter/v3/pkg/epub/epub.go:490.2,490.11 1 1
github.com/celogeek/go-comic-converter/v3/pkg/epub/epub.go:490.11,493.19 3 0
github.com/celogeek/go-comic-converter/v3/pkg/epub/epub.go:493.19,494.24 1 0
github.com/celogeek/go-comic-converter/v3/pkg/epub/epub.go:494.24,496.5 1 0
github.com/celogeek/go-comic-converter/v3/pkg/epub/epub.go:497.4,497.60 1 0
github.com/celogeek/go-comic-converter/v3/pkg/epub/epub.go:499.3,499.13 1 0
github.com/celogeek/go-comic-converter/v3/pkg/epub/epub.go:501.2,501.15 1 1
github.com/celogeek/go-comic-converter/v3/pkg/epub/epub.go:501.15,504.3 2 1
github.com/celogeek/go-comic-converter/v3/pkg/epub/epub.go:506.2,518.33 4 1
github.com/celogeek/go-comic-converter/v3/pkg/epub/epub.go:518.33,521.21 3 1
github.com/celogeek/go-comic-converter/v3/pkg/epub/epub.go:521.21,525.4 3 0
github.com/celogeek/go-comic-converter/v3/pkg/epub/epub.go:527.3,535.17 2 1
github.com/celogeek/go-comic-converter/v3/pkg/epub/epub.go:535.17,537.4 1 0
github.com/celogeek/go-comic-converter/v3/pkg/epub/epub.go:539.3,539.17 1 1
github.com/celogeek/go-comic-converter/v3/pkg/epub/epub.go:541.2,545.35 3 1
github.com/celogeek/go-comic-converter/v3/pkg/epub/epub.go:545.35,546.62 1 1
github.com/celogeek/go-comic-converter/v3/pkg/epub/epub.go:546.62,549.4 2 0
github.com/celogeek/go-comic-converter/v3/pkg/epub/epub.go:550.3,550.35 1 1
github.com/celogeek/go-comic-converter/v3/pkg/epub/epub.go:550.35,551.41 1 1
github.com/celogeek/go-comic-converter/v3/pkg/epub/epub.go:551.41,554.5 2 1
github.com/celogeek/go-comic-converter/v3/pkg/epub/epub.go:558.2,558.13 1 1
github.com/celogeek/go-comic-converter/v3/pkg/epub/epub.go:558.13,560.3 1 1
github.com/celogeek/go-comic-converter/v3/pkg/epub/epub.go:562.2,562.14 1 1
github.com/celogeek/go-comic-converter/v3/pkg/epub/epub.go:562.14,564.3 1 1
github.com/celogeek/go-comic-converter/v3/pkg/epub/epub.go:565.2,565.12 1 0
github.com/celogeek/go-comic-converter/v3/internal/pkg/epubtree/epub_tree.go:36.22,40.2 1 0
github.com/celogeek/go-comic-converter/v3/internal/pkg/epubtree/epub_tree.go:43.33,45.2 1 0
github.com/celogeek/go-comic-converter/v3/internal/pkg/epubtree/epub_tree.go:48.41,51.88 3 0
github.com/celogeek/go-comic-converter/v3/internal/pkg/epubtree/epub_tree.go:51.88,53.32 2 0
github.com/celogeek/go-comic-converter/v3/internal/pkg/epubtree/epub_tree.go:53.32,56.4 2 0
github.com/celogeek/go-comic-converter/v3/internal/pkg/epubtree/epub_tree.go:57.3,57.19 1 0
github.com/celogeek/go-comic-converter/v3/internal/pkg/epubtree/epub_tree.go:61.33,63.2 1 0
github.com/celogeek/go-comic-converter/v3/internal/pkg/epubtree/epub_tree.go:65.35,67.2 1 0
github.com/celogeek/go-comic-converter/v3/internal/pkg/epubtree/epub_tree.go:70.50,72.18 2 0
github.com/celogeek/go-comic-converter/v3/internal/pkg/epubtree/epub_tree.go:72.18,77.3 4 0
github.com/celogeek/go-comic-converter/v3/internal/pkg/epubtree/epub_tree.go:78.2,79.31 2 0
github.com/celogeek/go-comic-converter/v3/internal/pkg/epubtree/epub_tree.go:79.31,81.3 1 0
github.com/celogeek/go-comic-converter/v3/internal/pkg/epubtree/epub_tree.go:82.2,82.19 1 0
github.com/celogeek/go-comic-converter/v3/internal/pkg/epubprogress/epub_progress.go:29.34,30.13 1 0
github.com/celogeek/go-comic-converter/v3/internal/pkg/epubprogress/epub_progress.go:30.13,32.3 1 0
github.com/celogeek/go-comic-converter/v3/internal/pkg/epubprogress/epub_progress.go:34.2,34.12 1 0
github.com/celogeek/go-comic-converter/v3/internal/pkg/epubprogress/epub_progress.go:34.12,39.3 1 0
github.com/celogeek/go-comic-converter/v3/internal/pkg/epubprogress/epub_progress.go:41.2,45.41 2 0
github.com/celogeek/go-comic-converter/v3/internal/pkg/epubprogress/epub_progress.go:45.41,47.4 1 0
github.com/celogeek/go-comic-converter/v3/internal/pkg/epubprogress/json.go:14.43,30.2 2 0
github.com/celogeek/go-comic-converter/v3/internal/pkg/epubprogress/json.go:32.38,34.2 1 0
github.com/celogeek/go-comic-converter/v3/internal/pkg/epubtemplates/content.go:36.34,46.62 8 0
github.com/celogeek/go-comic-converter/v3/internal/pkg/epubtemplates/content.go:46.62,47.28 1 0
github.com/celogeek/go-comic-converter/v3/internal/pkg/epubtemplates/content.go:47.28,49.30 2 0
github.com/celogeek/go-comic-converter/v3/internal/pkg/epubtemplates/content.go:49.30,51.5 1 0
github.com/celogeek/go-comic-converter/v3/internal/pkg/epubtemplates/content.go:52.4,53.21 2 0
github.com/celogeek/go-comic-converter/v3/internal/pkg/epubtemplates/content.go:53.21,55.5 1 0
github.com/celogeek/go-comic-converter/v3/internal/pkg/epubtemplates/content.go:59.2,68.26 8 0
github.com/celogeek/go-comic-converter/v3/internal/pkg/epubtemplates/content.go:68.26,70.3 1 0
github.com/celogeek/go-comic-converter/v3/internal/pkg/epubtemplates/content.go:70.8,72.3 1 0
github.com/celogeek/go-comic-converter/v3/internal/pkg/epubtemplates/content.go:74.2,74.38 1 0
github.com/celogeek/go-comic-converter/v3/internal/pkg/epubtemplates/content.go:74.38,76.3 1 0
github.com/celogeek/go-comic-converter/v3/internal/pkg/epubtemplates/content.go:76.8,78.3 1 0
github.com/celogeek/go-comic-converter/v3/internal/pkg/epubtemplates/content.go:80.2,86.10 5 0
github.com/celogeek/go-comic-converter/v3/internal/pkg/epubtemplates/content.go:90.34,110.38 2 0
github.com/celogeek/go-comic-converter/v3/internal/pkg/epubtemplates/content.go:110.38,116.3 1 0
github.com/celogeek/go-comic-converter/v3/internal/pkg/epubtemplates/content.go:116.8,122.3 1 0
github.com/celogeek/go-comic-converter/v3/internal/pkg/epubtemplates/content.go:124.2,124.26 1 0
github.com/celogeek/go-comic-converter/v3/internal/pkg/epubtemplates/content.go:124.26,126.3 1 0
github.com/celogeek/go-comic-converter/v3/internal/pkg/epubtemplates/content.go:126.8,128.3 1 0
github.com/celogeek/go-comic-converter/v3/internal/pkg/epubtemplates/content.go:130.2,132.17 2 0
github.com/celogeek/go-comic-converter/v3/internal/pkg/epubtemplates/content.go:132.17,138.3 1 0
github.com/celogeek/go-comic-converter/v3/internal/pkg/epubtemplates/content.go:140.2,140.14 1 0
github.com/celogeek/go-comic-converter/v3/internal/pkg/epubtemplates/content.go:143.38,145.58 2 0
github.com/celogeek/go-comic-converter/v3/internal/pkg/epubtemplates/content.go:145.58,152.16 3 0
github.com/celogeek/go-comic-converter/v3/internal/pkg/epubtemplates/content.go:152.16,156.4 1 0
github.com/celogeek/go-comic-converter/v3/internal/pkg/epubtemplates/content.go:159.2,166.20 2 0
github.com/celogeek/go-comic-converter/v3/internal/pkg/epubtemplates/content.go:166.20,172.40 2 0
github.com/celogeek/go-comic-converter/v3/internal/pkg/epubtemplates/content.go:172.40,174.4 1 0
github.com/celogeek/go-comic-converter/v3/internal/pkg/epubtemplates/content.go:177.2,178.31 2 0
github.com/celogeek/go-comic-converter/v3/internal/pkg/epubtemplates/content.go:178.31,185.3 1 0
github.com/celogeek/go-comic-converter/v3/internal/pkg/epubtemplates/content.go:187.2,191.14 4 0
github.com/celogeek/go-comic-converter/v3/internal/pkg/epubtemplates/content.go:195.39,197.43 2 0
github.com/celogeek/go-comic-converter/v3/internal/pkg/epubtemplates/content.go:197.43,199.3 1 0
github.com/celogeek/go-comic-converter/v3/internal/pkg/epubtemplates/content.go:200.2,200.46 1 0
github.com/celogeek/go-comic-converter/v3/internal/pkg/epubtemplates/content.go:200.46,202.19 2 0
github.com/celogeek/go-comic-converter/v3/internal/pkg/epubtemplates/content.go:202.19,206.4 2 0
github.com/celogeek/go-comic-converter/v3/internal/pkg/epubtemplates/content.go:207.3,207.19 1 0
github.com/celogeek/go-comic-converter/v3/internal/pkg/epubtemplates/content.go:207.19,209.4 1 0
github.com/celogeek/go-comic-converter/v3/internal/pkg/epubtemplates/content.go:209.9,211.4 1 0
github.com/celogeek/go-comic-converter/v3/internal/pkg/epubtemplates/content.go:213.2,213.34 1 0
github.com/celogeek/go-comic-converter/v3/internal/pkg/epubtemplates/content.go:213.34,215.3 1 0
github.com/celogeek/go-comic-converter/v3/internal/pkg/epubtemplates/content.go:217.2,218.20 2 0
github.com/celogeek/go-comic-converter/v3/internal/pkg/epubtemplates/content.go:218.20,219.45 1 0
github.com/celogeek/go-comic-converter/v3/internal/pkg/epubtemplates/content.go:219.45,224.4 1 0
github.com/celogeek/go-comic-converter/v3/internal/pkg/epubtemplates/content.go:224.9,228.4 1 0
github.com/celogeek/go-comic-converter/v3/internal/pkg/epubtemplates/content.go:230.2,230.31 1 0
github.com/celogeek/go-comic-converter/v3/internal/pkg/epubtemplates/content.go:230.31,231.80 1 0
github.com/celogeek/go-comic-converter/v3/internal/pkg/epubtemplates/content.go:231.80,237.4 1 0
github.com/celogeek/go-comic-converter/v3/internal/pkg/epubtemplates/content.go:239.3,246.20 3 0
github.com/celogeek/go-comic-converter/v3/internal/pkg/epubtemplates/content.go:248.2,248.42 1 0
github.com/celogeek/go-comic-converter/v3/internal/pkg/epubtemplates/content.go:248.42,254.3 1 0
github.com/celogeek/go-comic-converter/v3/internal/pkg/epubtemplates/content.go:256.2,256.14 1 0
github.com/celogeek/go-comic-converter/v3/internal/pkg/epubtemplates/content.go:259.43,261.20 2 0
github.com/celogeek/go-comic-converter/v3/internal/pkg/epubtemplates/content.go:261.20,265.3 1 0
github.com/celogeek/go-comic-converter/v3/internal/pkg/epubtemplates/content.go:266.2,266.31 1 0
github.com/celogeek/go-comic-converter/v3/internal/pkg/epubtemplates/content.go:266.31,272.3 1 0
github.com/celogeek/go-comic-converter/v3/internal/pkg/epubtemplates/content.go:273.2,273.14 1 0
github.com/celogeek/go-comic-converter/v3/internal/pkg/epubtemplates/content.go:277.35,282.2 1 0
github.com/celogeek/go-comic-converter/v3/internal/pkg/epubtemplates/toc.go:15.109,33.29 15 0
github.com/celogeek/go-comic-converter/v3/internal/pkg/epubtemplates/toc.go:33.29,35.76 2 0
github.com/celogeek/go-comic-converter/v3/internal/pkg/epubtemplates/toc.go:35.76,38.39 3 0
github.com/celogeek/go-comic-converter/v3/internal/pkg/epubtemplates/toc.go:38.39,39.13 1 0
github.com/celogeek/go-comic-converter/v3/internal/pkg/epubtemplates/toc.go:41.4,45.46 5 0
github.com/celogeek/go-comic-converter/v3/internal/pkg/epubtemplates/toc.go:49.2,49.64 1 0
github.com/celogeek/go-comic-converter/v3/internal/pkg/epubtemplates/toc.go:49.64,51.3 1 0
github.com/celogeek/go-comic-converter/v3/internal/pkg/epubtemplates/toc.go:53.2,53.44 1 0
github.com/celogeek/go-comic-converter/v3/internal/pkg/epubtemplates/toc.go:53.44,54.34 1 0
github.com/celogeek/go-comic-converter/v3/internal/pkg/epubtemplates/toc.go:54.34,56.4 1 0
github.com/celogeek/go-comic-converter/v3/internal/pkg/epubtemplates/toc.go:59.2,61.14 3 0
github.com/celogeek/go-comic-converter/v3/internal/pkg/epubtemplates/toc.go:61.14,63.3 1 0
github.com/celogeek/go-comic-converter/v3/internal/pkg/epubtemplates/toc.go:63.8,65.3 1 0
github.com/celogeek/go-comic-converter/v3/internal/pkg/epubtemplates/toc.go:66.2,73.10 6 0
github.com/celogeek/go-comic-converter/v3/internal/pkg/epubzip/epub_zip.go:20.40,22.16 2 0
github.com/celogeek/go-comic-converter/v3/internal/pkg/epubzip/epub_zip.go:22.16,24.3 1 0
github.com/celogeek/go-comic-converter/v3/internal/pkg/epubzip/epub_zip.go:25.2,26.28 2 0
github.com/celogeek/go-comic-converter/v3/internal/pkg/epubzip/epub_zip.go:30.32,31.37 1 0
github.com/celogeek/go-comic-converter/v3/internal/pkg/epubzip/epub_zip.go:31.37,33.3 1 0
github.com/celogeek/go-comic-converter/v3/internal/pkg/epubzip/epub_zip.go:34.2,34.20 1 0
github.com/celogeek/go-comic-converter/v3/internal/pkg/epubzip/epub_zip.go:40.37,58.16 7 0
github.com/celogeek/go-comic-converter/v3/internal/pkg/epubzip/epub_zip.go:58.16,60.3 1 0
github.com/celogeek/go-comic-converter/v3/internal/pkg/epubzip/epub_zip.go:61.2,62.12 2 0
github.com/celogeek/go-comic-converter/v3/internal/pkg/epubzip/epub_zip.go:65.43,67.2 1 0
github.com/celogeek/go-comic-converter/v3/internal/pkg/epubzip/epub_zip.go:70.44,72.16 2 0
github.com/celogeek/go-comic-converter/v3/internal/pkg/epubzip/epub_zip.go:72.16,74.3 1 0
github.com/celogeek/go-comic-converter/v3/internal/pkg/epubzip/epub_zip.go:75.2,76.12 2 0
github.com/celogeek/go-comic-converter/v3/internal/pkg/epubzip/epub_zip.go:80.66,86.16 2 0
github.com/celogeek/go-comic-converter/v3/internal/pkg/epubzip/epub_zip.go:86.16,88.3 1 0
github.com/celogeek/go-comic-converter/v3/internal/pkg/epubzip/epub_zip.go:89.2,90.12 2 0
github.com/celogeek/go-comic-converter/v3/internal/pkg/epubzip/image.go:21.97,27.16 2 0
github.com/celogeek/go-comic-converter/v3/internal/pkg/epubzip/image.go:28.13,29.31 1 0
github.com/celogeek/go-comic-converter/v3/internal/pkg/epubzip/image.go:30.14,31.65 1 0
github.com/celogeek/go-comic-converter/v3/internal/pkg/epubzip/image.go:32.10,33.48 1 0
github.com/celogeek/go-comic-converter/v3/internal/pkg/epubzip/image.go:35.2,35.16 1 0
github.com/celogeek/go-comic-converter/v3/internal/pkg/epubzip/image.go:35.16,37.3 1 0
github.com/celogeek/go-comic-converter/v3/internal/pkg/epubzip/image.go:39.2,40.16 2 0
github.com/celogeek/go-comic-converter/v3/internal/pkg/epubzip/image.go:40.16,42.3 1 0
github.com/celogeek/go-comic-converter/v3/internal/pkg/epubzip/image.go:44.2,45.16 2 0
github.com/celogeek/go-comic-converter/v3/internal/pkg/epubzip/image.go:45.16,47.3 1 0
github.com/celogeek/go-comic-converter/v3/internal/pkg/epubzip/image.go:49.2,50.16 2 0
github.com/celogeek/go-comic-converter/v3/internal/pkg/epubzip/image.go:50.16,52.3 1 0
github.com/celogeek/go-comic-converter/v3/internal/pkg/epubzip/image.go:54.2,67.8 2 0
github.com/celogeek/go-comic-converter/v3/internal/pkg/epubzip/image.go:70.75,76.16 3 0
github.com/celogeek/go-comic-converter/v3/internal/pkg/epubzip/image.go:76.16,78.3 1 0
github.com/celogeek/go-comic-converter/v3/internal/pkg/epubzip/image.go:80.2,81.16 2 0
github.com/celogeek/go-comic-converter/v3/internal/pkg/epubzip/image.go:81.16,83.3 1 0
github.com/celogeek/go-comic-converter/v3/internal/pkg/epubzip/image.go:85.2,86.16 2 0
github.com/celogeek/go-comic-converter/v3/internal/pkg/epubzip/image.go:86.16,88.3 1 0
github.com/celogeek/go-comic-converter/v3/internal/pkg/epubzip/image.go:90.2,103.8 2 0
github.com/celogeek/go-comic-converter/v3/internal/pkg/epubzip/storage_image_reader.go:16.73,18.16 2 0
github.com/celogeek/go-comic-converter/v3/internal/pkg/epubzip/storage_image_reader.go:18.16,20.3 1 0
github.com/celogeek/go-comic-converter/v3/internal/pkg/epubzip/storage_image_reader.go:21.2,22.16 2 0
github.com/celogeek/go-comic-converter/v3/internal/pkg/epubzip/storage_image_reader.go:22.16,24.3 1 0
github.com/celogeek/go-comic-converter/v3/internal/pkg/epubzip/storage_image_reader.go:25.2,26.16 2 0
github.com/celogeek/go-comic-converter/v3/internal/pkg/epubzip/storage_image_reader.go:26.16,28.3 1 0
github.com/celogeek/go-comic-converter/v3/internal/pkg/epubzip/storage_image_reader.go:29.2,30.28 2 0
github.com/celogeek/go-comic-converter/v3/internal/pkg/epubzip/storage_image_reader.go:30.28,32.3 1 0
github.com/celogeek/go-comic-converter/v3/internal/pkg/epubzip/storage_image_reader.go:33.2,33.57 1 0
github.com/celogeek/go-comic-converter/v3/internal/pkg/epubzip/storage_image_reader.go:36.60,38.2 1 0
github.com/celogeek/go-comic-converter/v3/internal/pkg/epubzip/storage_image_reader.go:40.58,41.38 1 0
github.com/celogeek/go-comic-converter/v3/internal/pkg/epubzip/storage_image_reader.go:41.38,43.3 1 0
github.com/celogeek/go-comic-converter/v3/internal/pkg/epubzip/storage_image_reader.go:44.2,44.10 1 0
github.com/celogeek/go-comic-converter/v3/internal/pkg/epubzip/storage_image_reader.go:47.43,49.2 1 0
github.com/celogeek/go-comic-converter/v3/internal/pkg/epubzip/storage_image_reader.go:51.44,53.2 1 0
github.com/celogeek/go-comic-converter/v3/internal/pkg/epubzip/storage_image_writer.go:17.88,19.16 2 0
github.com/celogeek/go-comic-converter/v3/internal/pkg/epubzip/storage_image_writer.go:19.16,21.3 1 0
github.com/celogeek/go-comic-converter/v3/internal/pkg/epubzip/storage_image_writer.go:22.2,23.63 2 0
github.com/celogeek/go-comic-converter/v3/internal/pkg/epubzip/storage_image_writer.go:26.43,27.37 1 0
github.com/celogeek/go-comic-converter/v3/internal/pkg/epubzip/storage_image_writer.go:27.37,30.3 2 0
github.com/celogeek/go-comic-converter/v3/internal/pkg/epubzip/storage_image_writer.go:31.2,31.21 1 0
github.com/celogeek/go-comic-converter/v3/internal/pkg/epubzip/storage_image_writer.go:34.86,36.16 2 0
github.com/celogeek/go-comic-converter/v3/internal/pkg/epubzip/storage_image_writer.go:36.16,38.3 1 0
github.com/celogeek/go-comic-converter/v3/internal/pkg/epubzip/storage_image_writer.go:40.2,43.16 4 0
github.com/celogeek/go-comic-converter/v3/internal/pkg/epubzip/storage_image_writer.go:43.16,45.3 1 0
github.com/celogeek/go-comic-converter/v3/internal/pkg/epubzip/storage_image_writer.go:46.2,47.16 2 0
github.com/celogeek/go-comic-converter/v3/internal/pkg/epubzip/storage_image_writer.go:47.16,49.3 1 0
github.com/celogeek/go-comic-converter/v3/internal/pkg/epubzip/storage_image_writer.go:51.2,51.12 1 0
github.com/celogeek/go-comic-converter/v3/internal/pkg/epubzip/storage_image_writer.go:54.84,57.16 2 0
github.com/celogeek/go-comic-converter/v3/internal/pkg/epubzip/storage_image_writer.go:57.16,59.3 1 0
github.com/celogeek/go-comic-converter/v3/internal/pkg/epubzip/storage_image_writer.go:61.2,64.16 4 0
github.com/celogeek/go-comic-converter/v3/internal/pkg/epubzip/storage_image_writer.go:64.16,66.3 1 0
github.com/celogeek/go-comic-converter/v3/internal/pkg/epubzip/storage_image_writer.go:67.2,68.16 2 0
github.com/celogeek/go-comic-converter/v3/internal/pkg/epubzip/storage_image_writer.go:68.16,70.3 1 0
github.com/celogeek/go-comic-converter/v3/internal/pkg/epubzip/storage_image_writer.go:72.2,72.12 1 0
